mode: atomic
github.com/ArmisSecurity/armis-cli/internal/util/path.go:9.45,10.13 1 13
github.com/ArmisSecurity/armis-cli/internal/util/path.go:10.13,12.3 1 1
github.com/ArmisSecurity/armis-cli/internal/util/path.go:14.2,16.37 2 12
github.com/ArmisSecurity/armis-cli/internal/util/path.go:16.37,18.3 1 2
github.com/ArmisSecurity/armis-cli/internal/util/path.go:20.2,20.37 1 10
github.com/ArmisSecurity/armis-cli/internal/util/path.go:20.37,22.3 1 2
github.com/ArmisSecurity/armis-cli/internal/util/path.go:24.2,24.21 1 8
github.com/ArmisSecurity/armis-cli/cmd/armis-cli/main.go:15.13,17.38 2 0
github.com/ArmisSecurity/armis-cli/cmd/armis-cli/main.go:17.38,19.3 1 0
github.com/ArmisSecurity/armis-cli/test/sample-repo/src/main.go:5.13,7.2 1 0
github.com/ArmisSecurity/armis-cli/test/mock-server.go:48.13,56.2 6 0
github.com/ArmisSecurity/armis-cli/test/mock-server.go:58.59,59.33 1 0
github.com/ArmisSecurity/armis-cli/test/mock-server.go:59.33,62.3 2 0
github.com/ArmisSecurity/armis-cli/test/mock-server.go:64.2,65.22 2 0
github.com/ArmisSecurity/armis-cli/test/mock-server.go:65.22,68.3 2 0
github.com/ArmisSecurity/armis-cli/test/mock-server.go:70.2,71.16 2 0
github.com/ArmisSecurity/armis-cli/test/mock-server.go:71.16,74.3 2 0
github.com/ArmisSecurity/armis-cli/test/mock-server.go:76.2,157.61 6 0
github.com/ArmisSecurity/armis-cli/test/mock-server.go:160.60,161.32 1 0
github.com/ArmisSecurity/armis-cli/test/mock-server.go:161.32,164.3 2 0
github.com/ArmisSecurity/armis-cli/test/mock-server.go:166.2,167.18 2 0
github.com/ArmisSecurity/armis-cli/test/mock-server.go:167.18,170.3 2 0
github.com/ArmisSecurity/armis-cli/test/mock-server.go:172.2,173.13 2 0
github.com/ArmisSecurity/armis-cli/test/mock-server.go:173.13,176.3 2 0
github.com/ArmisSecurity/armis-cli/test/mock-server.go:178.2,179.39 2 0
github.com/ArmisSecurity/armis-cli/internal/testutil/httptest.go:10.77,15.2 4 0
github.com/ArmisSecurity/armis-cli/internal/testutil/httptest.go:17.90,21.56 4 0
github.com/ArmisSecurity/armis-cli/internal/testutil/httptest.go:21.56,23.3 1 0
github.com/ArmisSecurity/armis-cli/internal/testutil/httptest.go:26.75,29.2 2 0
github.com/ArmisSecurity/armis-cli/internal/api/client.go:30.61,31.25 1 11
github.com/ArmisSecurity/armis-cli/internal/api/client.go:31.25,34.3 2 11
github.com/ArmisSecurity/armis-cli/internal/api/client.go:37.110,38.24 1 15
github.com/ArmisSecurity/armis-cli/internal/api/client.go:38.24,40.3 1 11
github.com/ArmisSecurity/armis-cli/internal/api/client.go:42.2,65.27 4 15
github.com/ArmisSecurity/armis-cli/internal/api/client.go:65.27,67.3 1 11
github.com/ArmisSecurity/armis-cli/internal/api/client.go:69.2,69.15 1 15
github.com/ArmisSecurity/armis-cli/internal/api/client.go:72.33,74.2 1 2
github.com/ArmisSecurity/armis-cli/internal/api/client.go:76.136,85.65 6 3
github.com/ArmisSecurity/armis-cli/internal/api/client.go:85.65,87.3 1 0
github.com/ArmisSecurity/armis-cli/internal/api/client.go:89.2,89.73 1 3
github.com/ArmisSecurity/armis-cli/internal/api/client.go:89.73,91.3 1 0
github.com/ArmisSecurity/armis-cli/internal/api/client.go:93.2,93.63 1 3
github.com/ArmisSecurity/armis-cli/internal/api/client.go:93.63,95.3 1 0
github.com/ArmisSecurity/armis-cli/internal/api/client.go:97.2,98.16 2 3
github.com/ArmisSecurity/armis-cli/internal/api/client.go:98.16,100.3 1 0
github.com/ArmisSecurity/armis-cli/internal/api/client.go:102.2,102.47 1 3
github.com/ArmisSecurity/armis-cli/internal/api/client.go:102.47,104.3 1 0
github.com/ArmisSecurity/armis-cli/internal/api/client.go:106.2,106.39 1 3
github.com/ArmisSecurity/armis-cli/internal/api/client.go:106.39,108.3 1 0
github.com/ArmisSecurity/armis-cli/internal/api/client.go:110.2,112.16 3 3
github.com/ArmisSecurity/armis-cli/internal/api/client.go:112.16,114.3 1 0
github.com/ArmisSecurity/armis-cli/internal/api/client.go:116.2,120.16 4 3
github.com/ArmisSecurity/armis-cli/internal/api/client.go:120.16,123.3 2 1
github.com/ArmisSecurity/armis-cli/internal/api/client.go:124.2,126.79 2 2
github.com/ArmisSecurity/armis-cli/internal/api/client.go:126.79,131.3 3 1
github.com/ArmisSecurity/armis-cli/internal/api/client.go:133.2,134.67 2 1
github.com/ArmisSecurity/armis-cli/internal/api/client.go:134.67,136.3 1 0
github.com/ArmisSecurity/armis-cli/internal/api/client.go:138.2,138.27 1 1
github.com/ArmisSecurity/armis-cli/internal/api/client.go:141.117,148.16 6 2
github.com/ArmisSecurity/armis-cli/internal/api/client.go:148.16,150.3 1 0
github.com/ArmisSecurity/armis-cli/internal/api/client.go:152.2,155.16 3 2
github.com/ArmisSecurity/armis-cli/internal/api/client.go:155.16,157.3 1 0
github.com/ArmisSecurity/armis-cli/internal/api/client.go:158.2,160.38 2 2
github.com/ArmisSecurity/armis-cli/internal/api/client.go:160.38,163.3 2 1
github.com/ArmisSecurity/armis-cli/internal/api/client.go:165.2,166.67 2 1
github.com/ArmisSecurity/armis-cli/internal/api/client.go:166.67,168.3 1 0
github.com/ArmisSecurity/armis-cli/internal/api/client.go:170.2,170.21 1 1
github.com/ArmisSecurity/armis-cli/internal/api/client.go:173.162,174.18 1 0
github.com/ArmisSecurity/armis-cli/internal/api/client.go:174.18,176.3 1 0
github.com/ArmisSecurity/armis-cli/internal/api/client.go:178.2,184.6 5 0
github.com/ArmisSecurity/armis-cli/internal/api/client.go:184.6,185.10 1 0
github.com/ArmisSecurity/armis-cli/internal/api/client.go:186.28,187.52 1 0
github.com/ArmisSecurity/armis-cli/internal/api/client.go:187.52,189.5 1 0
github.com/ArmisSecurity/armis-cli/internal/api/client.go:190.4,190.32 1 0
github.com/ArmisSecurity/armis-cli/internal/api/client.go:191.19,193.18 2 0
github.com/ArmisSecurity/armis-cli/internal/api/client.go:193.18,195.5 1 0
github.com/ArmisSecurity/armis-cli/internal/api/client.go:197.4,197.33 1 0
github.com/ArmisSecurity/armis-cli/internal/api/client.go:197.33,199.5 1 0
github.com/ArmisSecurity/armis-cli/internal/api/client.go:201.4,204.61 3 0
github.com/ArmisSecurity/armis-cli/internal/api/client.go:204.61,205.59 1 0
github.com/ArmisSecurity/armis-cli/internal/api/client.go:205.59,207.6 1 0
github.com/ArmisSecurity/armis-cli/internal/api/client.go:208.5,208.24 1 0
github.com/ArmisSecurity/armis-cli/internal/api/client.go:214.155,221.18 7 5
github.com/ArmisSecurity/armis-cli/internal/api/client.go:221.18,223.3 1 2
github.com/ArmisSecurity/armis-cli/internal/api/client.go:225.2,226.16 2 5
github.com/ArmisSecurity/armis-cli/internal/api/client.go:226.16,228.3 1 0
github.com/ArmisSecurity/armis-cli/internal/api/client.go:230.2,233.16 3 5
github.com/ArmisSecurity/armis-cli/internal/api/client.go:233.16,235.3 1 0
github.com/ArmisSecurity/armis-cli/internal/api/client.go:236.2,238.38 2 5
github.com/ArmisSecurity/armis-cli/internal/api/client.go:238.38,241.3 2 0
github.com/ArmisSecurity/armis-cli/internal/api/client.go:243.2,244.16 2 5
github.com/ArmisSecurity/armis-cli/internal/api/client.go:244.16,246.3 1 0
github.com/ArmisSecurity/armis-cli/internal/api/client.go:248.2,248.13 1 5
github.com/ArmisSecurity/armis-cli/internal/api/client.go:248.13,250.3 1 1
github.com/ArmisSecurity/armis-cli/internal/api/client.go:252.2,253.59 2 5
github.com/ArmisSecurity/armis-cli/internal/api/client.go:253.59,255.3 1 0
github.com/ArmisSecurity/armis-cli/internal/api/client.go:257.2,257.21 1 5
github.com/ArmisSecurity/armis-cli/internal/api/client.go:260.140,264.6 3 1
github.com/ArmisSecurity/armis-cli/internal/api/client.go:264.6,266.17 2 2
github.com/ArmisSecurity/armis-cli/internal/api/client.go:266.17,268.4 1 0
github.com/ArmisSecurity/armis-cli/internal/api/client.go:270.3,270.52 1 2
github.com/ArmisSecurity/armis-cli/internal/api/client.go:270.52,272.4 1 2
github.com/ArmisSecurity/armis-cli/internal/api/client.go:274.3,274.77 1 2
github.com/ArmisSecurity/armis-cli/internal/api/client.go:274.77,275.9 1 1
github.com/ArmisSecurity/armis-cli/internal/api/client.go:278.3,278.39 1 1
github.com/ArmisSecurity/armis-cli/internal/api/client.go:281.2,281.25 1 1
github.com/ArmisSecurity/armis-cli/internal/api/client.go:284.95,286.16 2 1
github.com/ArmisSecurity/armis-cli/internal/api/client.go:286.16,288.3 1 0
github.com/ArmisSecurity/armis-cli/internal/api/client.go:290.2,293.16 3 1
github.com/ArmisSecurity/armis-cli/internal/api/client.go:293.16,295.3 1 0
github.com/ArmisSecurity/armis-cli/internal/api/client.go:296.2,298.38 2 1
github.com/ArmisSecurity/armis-cli/internal/api/client.go:298.38,301.3 2 0
github.com/ArmisSecurity/armis-cli/internal/api/client.go:303.2,304.67 2 1
github.com/ArmisSecurity/armis-cli/internal/api/client.go:304.67,306.3 1 0
github.com/ArmisSecurity/armis-cli/internal/api/client.go:308.2,308.21 1 1
github.com/ArmisSecurity/armis-cli/internal/api/client.go:311.121,315.6 3 0
github.com/ArmisSecurity/armis-cli/internal/api/client.go:315.6,316.10 1 0
github.com/ArmisSecurity/armis-cli/internal/api/client.go:317.21,318.25 1 0
github.com/ArmisSecurity/armis-cli/internal/api/client.go:319.19,321.18 2 0
github.com/ArmisSecurity/armis-cli/internal/api/client.go:321.18,323.5 1 0
github.com/ArmisSecurity/armis-cli/internal/api/client.go:325.4,325.65 1 0
github.com/ArmisSecurity/armis-cli/internal/api/client.go:325.65,327.5 1 0
github.com/ArmisSecurity/armis-cli/internal/api/client.go:332.34,334.14 2 8
github.com/ArmisSecurity/armis-cli/internal/api/client.go:334.14,336.3 1 4
github.com/ArmisSecurity/armis-cli/internal/api/client.go:337.2,338.20 2 4
github.com/ArmisSecurity/armis-cli/internal/api/client.go:338.20,341.3 2 4
github.com/ArmisSecurity/armis-cli/internal/api/client.go:342.2,342.72 1 4
github.com/ArmisSecurity/armis-cli/internal/httpclient/client.go:26.36,27.45 1 9
github.com/ArmisSecurity/armis-cli/internal/httpclient/client.go:27.45,29.3 1 2
github.com/ArmisSecurity/armis-cli/internal/httpclient/client.go:30.2,30.23 1 9
github.com/ArmisSecurity/armis-cli/internal/httpclient/client.go:30.23,32.3 1 7
github.com/ArmisSecurity/armis-cli/internal/httpclient/client.go:33.2,33.27 1 9
github.com/ArmisSecurity/armis-cli/internal/httpclient/client.go:33.27,35.3 1 7
github.com/ArmisSecurity/armis-cli/internal/httpclient/client.go:36.2,36.27 1 9
github.com/ArmisSecurity/armis-cli/internal/httpclient/client.go:36.27,38.3 1 7
github.com/ArmisSecurity/armis-cli/internal/httpclient/client.go:40.2,41.25 2 9
github.com/ArmisSecurity/armis-cli/internal/httpclient/client.go:41.25,43.3 1 8
github.com/ArmisSecurity/armis-cli/internal/httpclient/client.go:45.2,48.3 1 9
github.com/ArmisSecurity/armis-cli/internal/httpclient/client.go:51.64,55.28 3 5
github.com/ArmisSecurity/armis-cli/internal/httpclient/client.go:55.28,57.17 2 11
github.com/ArmisSecurity/armis-cli/internal/httpclient/client.go:57.17,59.4 1 1
github.com/ArmisSecurity/armis-cli/internal/httpclient/client.go:61.3,61.29 1 10
github.com/ArmisSecurity/armis-cli/internal/httpclient/client.go:61.29,65.4 3 7
github.com/ArmisSecurity/armis-cli/internal/httpclient/client.go:67.3,67.13 1 3
github.com/ArmisSecurity/armis-cli/internal/httpclient/client.go:70.2,76.16 6 5
github.com/ArmisSecurity/armis-cli/internal/httpclient/client.go:76.16,78.3 1 0
github.com/ArmisSecurity/armis-cli/internal/httpclient/client.go:80.2,81.16 2 5
github.com/ArmisSecurity/armis-cli/internal/httpclient/client.go:81.16,83.3 1 2
github.com/ArmisSecurity/armis-cli/internal/httpclient/client.go:85.2,85.18 1 3
github.com/ArmisSecurity/armis-cli/internal/cmd/root.go:38.33,43.2 4 1
github.com/ArmisSecurity/armis-cli/internal/cmd/root.go:45.22,47.2 1 1
github.com/ArmisSecurity/armis-cli/internal/cmd/root.go:49.13,59.2 9 1
github.com/ArmisSecurity/armis-cli/internal/cmd/root.go:61.55,62.42 1 3
github.com/ArmisSecurity/armis-cli/internal/cmd/root.go:62.42,64.3 1 1
github.com/ArmisSecurity/armis-cli/internal/cmd/root.go:65.2,65.21 1 2
github.com/ArmisSecurity/armis-cli/internal/cmd/root.go:68.59,69.42 1 4
github.com/ArmisSecurity/armis-cli/internal/cmd/root.go:69.42,71.61 2 2
github.com/ArmisSecurity/armis-cli/internal/cmd/root.go:71.61,73.4 1 1
github.com/ArmisSecurity/armis-cli/internal/cmd/root.go:75.2,75.21 1 3
github.com/ArmisSecurity/armis-cli/internal/cmd/root.go:78.29,79.12 1 4
github.com/ArmisSecurity/armis-cli/internal/cmd/root.go:79.12,81.3 1 1
github.com/ArmisSecurity/armis-cli/internal/cmd/root.go:82.2,82.26 1 3
github.com/ArmisSecurity/armis-cli/internal/cmd/root.go:85.33,86.17 1 9
github.com/ArmisSecurity/armis-cli/internal/cmd/root.go:86.17,88.3 1 3
github.com/ArmisSecurity/armis-cli/internal/cmd/root.go:89.2,89.19 1 6
github.com/ArmisSecurity/armis-cli/internal/cmd/root.go:92.36,93.20 1 7
github.com/ArmisSecurity/armis-cli/internal/cmd/root.go:93.20,95.3 1 3
github.com/ArmisSecurity/armis-cli/internal/cmd/root.go:96.2,96.22 1 4
github.com/ArmisSecurity/armis-cli/internal/cmd/root.go:99.34,100.53 1 5
github.com/ArmisSecurity/armis-cli/internal/cmd/root.go:100.53,102.3 1 2
github.com/ArmisSecurity/armis-cli/internal/cmd/root.go:103.2,103.23 1 3
github.com/ArmisSecurity/armis-cli/internal/cmd/root.go:106.41,107.31 1 11
github.com/ArmisSecurity/armis-cli/internal/cmd/root.go:107.31,109.3 1 5
github.com/ArmisSecurity/armis-cli/internal/cmd/root.go:110.2,110.12 1 6
github.com/ArmisSecurity/armis-cli/internal/cmd/scan.go:21.13,27.20 6 1
github.com/ArmisSecurity/armis-cli/internal/cmd/scan.go:27.20,29.3 1 1
github.com/ArmisSecurity/armis-cli/internal/cmd/scan_image.go:26.54,27.42 1 5
github.com/ArmisSecurity/armis-cli/internal/cmd/scan_image.go:27.42,29.4 1 1
github.com/ArmisSecurity/armis-cli/internal/cmd/scan_image.go:31.3,32.17 2 4
github.com/ArmisSecurity/armis-cli/internal/cmd/scan_image.go:32.17,34.4 1 1
github.com/ArmisSecurity/armis-cli/internal/cmd/scan_image.go:36.3,37.17 2 3
github.com/ArmisSecurity/armis-cli/internal/cmd/scan_image.go:37.17,39.4 1 1
github.com/ArmisSecurity/armis-cli/internal/cmd/scan_image.go:41.3,42.17 2 2
github.com/ArmisSecurity/armis-cli/internal/cmd/scan_image.go:42.17,44.4 1 1
github.com/ArmisSecurity/armis-cli/internal/cmd/scan_image.go:46.3,47.20 2 1
github.com/ArmisSecurity/armis-cli/internal/cmd/scan_image.go:47.20,49.4 1 1
github.com/ArmisSecurity/armis-cli/internal/cmd/scan_image.go:51.3,58.38 6 0
github.com/ArmisSecurity/armis-cli/internal/cmd/scan_image.go:58.38,60.43 2 0
github.com/ArmisSecurity/armis-cli/internal/cmd/scan_image.go:60.43,62.26 1 0
github.com/ArmisSecurity/armis-cli/internal/cmd/scan_image.go:63.25,64.39 2 0
github.com/ArmisSecurity/armis-cli/internal/cmd/scan_image.go:64.39,66.26 1 0
github.com/ArmisSecurity/armis-cli/internal/cmd/scan_image.go:67.23,70.39 3 0
github.com/ArmisSecurity/armis-cli/internal/cmd/scan_image.go:70.39,72.26 1 0
github.com/ArmisSecurity/armis-cli/internal/cmd/scan_image.go:75.17,76.31 2 0
github.com/ArmisSecurity/armis-cli/internal/cmd/scan_image.go:76.31,78.18 1 0
github.com/ArmisSecurity/armis-cli/internal/cmd/scan_image.go:80.3,85.78 2 0
github.com/ArmisSecurity/armis-cli/internal/cmd/scan_image.go:85.78,87.4 1 0
github.com/ArmisSecurity/armis-cli/internal/cmd/scan_image.go:89.3,90.13 2 0
github.com/ArmisSecurity/armis-cli/internal/cmd/scan_image.go:94.13,97.2 2 1
github.com/ArmisSecurity/armis-cli/internal/cmd/scan_repo.go:20.54,24.17 3 3
github.com/ArmisSecurity/armis-cli/internal/cmd/scan_repo.go:24.17,26.4 1 1
github.com/ArmisSecurity/armis-cli/internal/cmd/scan_repo.go:28.3,29.17 2 2
github.com/ArmisSecurity/armis-cli/internal/cmd/scan_repo.go:29.17,31.4 1 1
github.com/ArmisSecurity/armis-cli/internal/cmd/scan_repo.go:33.3,34.17 2 1
github.com/ArmisSecurity/armis-cli/internal/cmd/scan_repo.go:34.17,36.4 1 0
github.com/ArmisSecurity/armis-cli/internal/cmd/scan_repo.go:38.3,39.20 2 1
github.com/ArmisSecurity/armis-cli/internal/cmd/scan_repo.go:39.20,41.4 1 1
github.com/ArmisSecurity/armis-cli/internal/cmd/scan_repo.go:43.3,49.17 6 0
github.com/ArmisSecurity/armis-cli/internal/cmd/scan_repo.go:49.17,51.4 1 0
github.com/ArmisSecurity/armis-cli/internal/cmd/scan_repo.go:53.3,54.17 2 0
github.com/ArmisSecurity/armis-cli/internal/cmd/scan_repo.go:54.17,56.4 1 0
github.com/ArmisSecurity/armis-cli/internal/cmd/scan_repo.go:58.3,63.78 2 0
github.com/ArmisSecurity/armis-cli/internal/cmd/scan_repo.go:63.78,65.4 1 0
github.com/ArmisSecurity/armis-cli/internal/cmd/scan_repo.go:67.3,68.13 2 0
github.com/ArmisSecurity/armis-cli/internal/cmd/scan_repo.go:72.13,74.2 1 1
github.com/ArmisSecurity/armis-cli/internal/progress/progress.go:12.18,25.35 2 11
github.com/ArmisSecurity/armis-cli/internal/progress/progress.go:25.35,26.30 1 41
github.com/ArmisSecurity/armis-cli/internal/progress/progress.go:26.30,28.4 1 9
github.com/ArmisSecurity/armis-cli/internal/progress/progress.go:30.2,30.14 1 2
github.com/ArmisSecurity/armis-cli/internal/progress/progress.go:33.86,34.24 1 3
github.com/ArmisSecurity/armis-cli/internal/progress/progress.go:34.24,36.3 1 2
github.com/ArmisSecurity/armis-cli/internal/progress/progress.go:38.2,44.16 3 1
github.com/ArmisSecurity/armis-cli/internal/progress/progress.go:47.86,48.24 1 2
github.com/ArmisSecurity/armis-cli/internal/progress/progress.go:48.24,50.3 1 2
github.com/ArmisSecurity/armis-cli/internal/progress/progress.go:52.2,57.31 2 0
github.com/ArmisSecurity/armis-cli/internal/progress/progress.go:69.57,78.2 1 5
github.com/ArmisSecurity/armis-cli/internal/progress/progress.go:80.27,81.26 1 2
github.com/ArmisSecurity/armis-cli/internal/progress/progress.go:81.26,84.3 2 2
github.com/ArmisSecurity/armis-cli/internal/progress/progress.go:86.2,86.12 1 0
github.com/ArmisSecurity/armis-cli/internal/progress/progress.go:86.12,89.7 3 0
github.com/ArmisSecurity/armis-cli/internal/progress/progress.go:89.7,90.11 1 0
github.com/ArmisSecurity/armis-cli/internal/progress/progress.go:91.22,94.11 3 0
github.com/ArmisSecurity/armis-cli/internal/progress/progress.go:95.12,97.20 2 0
github.com/ArmisSecurity/armis-cli/internal/progress/progress.go:97.20,99.6 1 0
github.com/ArmisSecurity/armis-cli/internal/progress/progress.go:99.11,101.6 1 0
github.com/ArmisSecurity/armis-cli/internal/progress/progress.go:102.5,103.39 2 0
github.com/ArmisSecurity/armis-cli/internal/progress/progress.go:109.26,110.26 1 2
github.com/ArmisSecurity/armis-cli/internal/progress/progress.go:110.26,112.3 1 2
github.com/ArmisSecurity/armis-cli/internal/progress/progress.go:113.2,114.14 2 0
github.com/ArmisSecurity/armis-cli/internal/progress/progress.go:117.49,119.2 1 1
github.com/ArmisSecurity/armis-cli/internal/progress/progress.go:121.42,123.2 1 0
github.com/ArmisSecurity/armis-cli/internal/progress/progress.go:125.46,127.2 1 1
github.com/ArmisSecurity/armis-cli/internal/progress/progress.go:129.45,134.2 4 5
github.com/ArmisSecurity/armis-cli/internal/output/human.go:40.54,42.17 2 24
github.com/ArmisSecurity/armis-cli/internal/output/human.go:42.17,43.15 1 25
github.com/ArmisSecurity/armis-cli/internal/output/human.go:43.15,45.18 2 25
github.com/ArmisSecurity/armis-cli/internal/output/human.go:45.18,47.5 1 0
github.com/ArmisSecurity/armis-cli/internal/output/human.go:48.4,49.20 2 25
github.com/ArmisSecurity/armis-cli/internal/output/human.go:52.3,53.16 2 25
github.com/ArmisSecurity/armis-cli/internal/output/human.go:53.16,57.4 3 2
github.com/ArmisSecurity/armis-cli/internal/output/human.go:59.3,61.17 3 23
github.com/ArmisSecurity/armis-cli/internal/output/human.go:61.17,63.4 1 0
github.com/ArmisSecurity/armis-cli/internal/output/human.go:64.3,65.16 2 23
github.com/ArmisSecurity/armis-cli/internal/output/human.go:67.2,67.21 1 22
github.com/ArmisSecurity/armis-cli/internal/output/human.go:70.78,72.2 1 2
github.com/ArmisSecurity/armis-cli/internal/output/human.go:74.109,87.30 11 5
github.com/ArmisSecurity/armis-cli/internal/output/human.go:87.30,93.51 5 4
github.com/ArmisSecurity/armis-cli/internal/output/human.go:93.51,96.4 2 2
github.com/ArmisSecurity/armis-cli/internal/output/human.go:96.9,99.4 2 2
github.com/ArmisSecurity/armis-cli/internal/output/human.go:102.2,105.12 3 5
github.com/ArmisSecurity/armis-cli/internal/output/human.go:108.54,109.18 1 19
github.com/ArmisSecurity/armis-cli/internal/output/human.go:110.30,111.16 1 2
github.com/ArmisSecurity/armis-cli/internal/output/human.go:112.26,113.16 1 8
github.com/ArmisSecurity/armis-cli/internal/output/human.go:114.28,115.16 1 6
github.com/ArmisSecurity/armis-cli/internal/output/human.go:116.25,117.16 1 1
github.com/ArmisSecurity/armis-cli/internal/output/human.go:118.26,119.15 1 1
github.com/ArmisSecurity/armis-cli/internal/output/human.go:120.10,121.15 1 1
github.com/ArmisSecurity/armis-cli/internal/output/human.go:125.55,126.18 1 13
github.com/ArmisSecurity/armis-cli/internal/output/human.go:127.30,128.18 1 1
github.com/ArmisSecurity/armis-cli/internal/output/human.go:129.26,130.21 1 5
github.com/ArmisSecurity/armis-cli/internal/output/human.go:131.28,132.21 1 4
github.com/ArmisSecurity/armis-cli/internal/output/human.go:133.25,134.19 1 1
github.com/ArmisSecurity/armis-cli/internal/output/human.go:135.26,136.19 1 1
github.com/ArmisSecurity/armis-cli/internal/output/human.go:137.10,138.12 1 1
github.com/ArmisSecurity/armis-cli/internal/output/human.go:154.13,155.85 1 1
github.com/ArmisSecurity/armis-cli/internal/output/human.go:155.85,157.3 1 0
github.com/ArmisSecurity/armis-cli/internal/output/human.go:160.23,161.2 0 1
github.com/ArmisSecurity/armis-cli/internal/output/human.go:163.71,175.41 4 15
github.com/ArmisSecurity/armis-cli/internal/output/human.go:175.41,179.11 3 11
github.com/ArmisSecurity/armis-cli/internal/output/human.go:179.11,181.4 1 1
github.com/ArmisSecurity/armis-cli/internal/output/human.go:182.3,182.11 1 11
github.com/ArmisSecurity/armis-cli/internal/output/human.go:182.11,184.4 1 1
github.com/ArmisSecurity/armis-cli/internal/output/human.go:186.3,186.23 1 11
github.com/ArmisSecurity/armis-cli/internal/output/human.go:189.2,189.15 1 15
github.com/ArmisSecurity/armis-cli/internal/output/human.go:192.112,193.24 1 5
github.com/ArmisSecurity/armis-cli/internal/output/human.go:193.24,195.3 1 0
github.com/ArmisSecurity/armis-cli/internal/output/human.go:197.2,198.34 2 5
github.com/ArmisSecurity/armis-cli/internal/output/human.go:198.34,200.3 1 1
github.com/ArmisSecurity/armis-cli/internal/output/human.go:200.8,200.27 1 4
github.com/ArmisSecurity/armis-cli/internal/output/human.go:200.27,202.3 1 4
github.com/ArmisSecurity/armis-cli/internal/output/human.go:202.8,204.3 1 0
github.com/ArmisSecurity/armis-cli/internal/output/human.go:206.2,207.16 2 5
github.com/ArmisSecurity/armis-cli/internal/output/human.go:207.16,209.3 1 1
github.com/ArmisSecurity/armis-cli/internal/output/human.go:210.2,213.16 3 4
github.com/ArmisSecurity/armis-cli/internal/output/human.go:213.16,215.3 1 4
github.com/ArmisSecurity/armis-cli/internal/output/human.go:216.2,216.16 1 4
github.com/ArmisSecurity/armis-cli/internal/output/human.go:216.16,218.3 1 0
github.com/ArmisSecurity/armis-cli/internal/output/human.go:220.2,221.17 2 4
github.com/ArmisSecurity/armis-cli/internal/output/human.go:221.17,223.3 1 1
github.com/ArmisSecurity/armis-cli/internal/output/human.go:225.2,226.22 2 4
github.com/ArmisSecurity/armis-cli/internal/output/human.go:226.22,228.3 1 1
github.com/ArmisSecurity/armis-cli/internal/output/human.go:230.2,235.21 5 4
github.com/ArmisSecurity/armis-cli/internal/output/human.go:235.21,237.29 2 53
github.com/ArmisSecurity/armis-cli/internal/output/human.go:237.29,238.12 1 15
github.com/ArmisSecurity/armis-cli/internal/output/human.go:240.3,240.27 1 38
github.com/ArmisSecurity/armis-cli/internal/output/human.go:240.27,241.9 1 3
github.com/ArmisSecurity/armis-cli/internal/output/human.go:243.3,243.36 1 35
github.com/ArmisSecurity/armis-cli/internal/output/human.go:245.2,245.38 1 4
github.com/ArmisSecurity/armis-cli/internal/output/human.go:245.38,247.3 1 0
github.com/ArmisSecurity/armis-cli/internal/output/human.go:248.2,248.19 1 4
github.com/ArmisSecurity/armis-cli/internal/output/human.go:248.19,250.3 1 0
github.com/ArmisSecurity/armis-cli/internal/output/human.go:252.2,252.51 1 4
github.com/ArmisSecurity/armis-cli/internal/output/human.go:255.54,263.34 6 0
github.com/ArmisSecurity/armis-cli/internal/output/human.go:263.34,265.3 1 0
github.com/ArmisSecurity/armis-cli/internal/output/human.go:267.2,267.29 1 0
github.com/ArmisSecurity/armis-cli/internal/output/human.go:267.29,271.51 3 0
github.com/ArmisSecurity/armis-cli/internal/output/human.go:271.51,272.72 1 0
github.com/ArmisSecurity/armis-cli/internal/output/human.go:272.72,273.57 1 0
github.com/ArmisSecurity/armis-cli/internal/output/human.go:273.57,276.6 2 0
github.com/ArmisSecurity/armis-cli/internal/output/human.go:276.11,278.6 1 0
github.com/ArmisSecurity/armis-cli/internal/output/human.go:279.10,281.5 1 0
github.com/ArmisSecurity/armis-cli/internal/output/human.go:282.9,284.4 1 0
github.com/ArmisSecurity/armis-cli/internal/output/human.go:287.2,289.38 2 0
github.com/ArmisSecurity/armis-cli/internal/output/human.go:292.98,293.56 1 0
github.com/ArmisSecurity/armis-cli/internal/output/human.go:293.56,294.27 1 0
github.com/ArmisSecurity/armis-cli/internal/output/human.go:294.27,296.4 1 0
github.com/ArmisSecurity/armis-cli/internal/output/human.go:297.3,298.25 2 0
github.com/ArmisSecurity/armis-cli/internal/output/human.go:298.25,300.4 1 0
github.com/ArmisSecurity/armis-cli/internal/output/human.go:301.3,303.25 3 0
github.com/ArmisSecurity/armis-cli/internal/output/human.go:303.25,305.4 1 0
github.com/ArmisSecurity/armis-cli/internal/output/human.go:306.3,306.76 1 0
github.com/ArmisSecurity/armis-cli/internal/output/human.go:307.8,307.37 1 0
github.com/ArmisSecurity/armis-cli/internal/output/human.go:307.37,308.27 1 0
github.com/ArmisSecurity/armis-cli/internal/output/human.go:308.27,310.4 1 0
github.com/ArmisSecurity/armis-cli/internal/output/human.go:311.3,313.68 3 0
github.com/ArmisSecurity/armis-cli/internal/output/human.go:314.8,314.35 1 0
github.com/ArmisSecurity/armis-cli/internal/output/human.go:314.35,315.25 1 0
github.com/ArmisSecurity/armis-cli/internal/output/human.go:315.25,317.4 1 0
github.com/ArmisSecurity/armis-cli/internal/output/human.go:318.3,320.25 3 0
github.com/ArmisSecurity/armis-cli/internal/output/human.go:320.25,322.4 1 0
github.com/ArmisSecurity/armis-cli/internal/output/human.go:323.3,323.67 1 0
github.com/ArmisSecurity/armis-cli/internal/output/human.go:324.8,326.3 1 0
github.com/ArmisSecurity/armis-cli/internal/output/human.go:329.45,330.20 1 10
github.com/ArmisSecurity/armis-cli/internal/output/human.go:330.20,332.3 1 1
github.com/ArmisSecurity/armis-cli/internal/output/human.go:334.2,620.34 3 9
github.com/ArmisSecurity/armis-cli/internal/output/human.go:620.34,622.3 1 8
github.com/ArmisSecurity/armis-cli/internal/output/human.go:624.2,624.11 1 1
github.com/ArmisSecurity/armis-cli/internal/output/human.go:627.52,628.52 1 7
github.com/ArmisSecurity/armis-cli/internal/output/human.go:628.52,630.3 1 6
github.com/ArmisSecurity/armis-cli/internal/output/human.go:632.2,633.16 2 1
github.com/ArmisSecurity/armis-cli/internal/output/human.go:633.16,635.3 1 1
github.com/ArmisSecurity/armis-cli/internal/output/human.go:636.2,637.16 2 0
github.com/ArmisSecurity/armis-cli/internal/output/human.go:637.16,639.3 1 0
github.com/ArmisSecurity/armis-cli/internal/output/human.go:641.2,641.23 1 0
github.com/ArmisSecurity/armis-cli/internal/output/human.go:641.23,643.3 1 0
github.com/ArmisSecurity/armis-cli/internal/output/human.go:645.2,651.11 5 0
github.com/ArmisSecurity/armis-cli/internal/output/human.go:651.11,653.3 1 0
github.com/ArmisSecurity/armis-cli/internal/output/human.go:653.8,653.18 1 0
github.com/ArmisSecurity/armis-cli/internal/output/human.go:653.18,655.3 1 0
github.com/ArmisSecurity/armis-cli/internal/output/human.go:656.2,656.30 1 0
github.com/ArmisSecurity/armis-cli/internal/output/human.go:659.68,674.54 10 5
github.com/ArmisSecurity/armis-cli/internal/output/human.go:674.54,678.3 3 0
github.com/ArmisSecurity/armis-cli/internal/output/human.go:680.2,680.47 1 5
github.com/ArmisSecurity/armis-cli/internal/output/human.go:680.47,684.3 3 0
github.com/ArmisSecurity/armis-cli/internal/output/human.go:686.2,695.33 3 5
github.com/ArmisSecurity/armis-cli/internal/output/human.go:695.33,696.41 1 22
github.com/ArmisSecurity/armis-cli/internal/output/human.go:696.41,698.9 2 1
github.com/ArmisSecurity/armis-cli/internal/output/human.go:702.2,702.17 1 5
github.com/ArmisSecurity/armis-cli/internal/output/human.go:702.17,704.3 1 1
github.com/ArmisSecurity/armis-cli/internal/output/human.go:706.2,706.33 1 5
github.com/ArmisSecurity/armis-cli/internal/output/human.go:706.33,708.16 2 25
github.com/ArmisSecurity/armis-cli/internal/output/human.go:708.16,713.4 4 1
github.com/ArmisSecurity/armis-cli/internal/output/human.go:716.2,716.40 1 5
github.com/ArmisSecurity/armis-cli/internal/output/human.go:716.40,725.53 4 0
github.com/ArmisSecurity/armis-cli/internal/output/human.go:725.53,727.4 1 0
github.com/ArmisSecurity/armis-cli/internal/output/human.go:729.3,729.46 1 0
github.com/ArmisSecurity/armis-cli/internal/output/human.go:729.46,730.50 1 0
github.com/ArmisSecurity/armis-cli/internal/output/human.go:730.50,732.5 1 0
github.com/ArmisSecurity/armis-cli/internal/output/human.go:733.4,733.58 1 0
github.com/ArmisSecurity/armis-cli/internal/output/human.go:736.3,736.33 1 0
github.com/ArmisSecurity/armis-cli/internal/output/human.go:736.33,740.4 3 0
github.com/ArmisSecurity/armis-cli/internal/output/human.go:743.2,743.62 1 5
github.com/ArmisSecurity/armis-cli/internal/output/human.go:746.80,747.35 1 2
github.com/ArmisSecurity/armis-cli/internal/output/human.go:747.35,748.12 1 3
github.com/ArmisSecurity/armis-cli/internal/output/human.go:748.12,750.4 1 1
github.com/ArmisSecurity/armis-cli/internal/output/human.go:752.3,754.26 2 3
github.com/ArmisSecurity/armis-cli/internal/output/human.go:754.26,756.4 1 1
github.com/ArmisSecurity/armis-cli/internal/output/human.go:758.2,758.22 1 2
github.com/ArmisSecurity/armis-cli/internal/output/human.go:761.76,770.35 7 7
github.com/ArmisSecurity/armis-cli/internal/output/human.go:770.35,772.3 1 0
github.com/ArmisSecurity/armis-cli/internal/output/human.go:774.2,774.27 1 7
github.com/ArmisSecurity/armis-cli/internal/output/human.go:774.27,776.3 1 0
github.com/ArmisSecurity/armis-cli/internal/output/human.go:778.2,778.27 1 7
github.com/ArmisSecurity/armis-cli/internal/output/human.go:778.27,780.3 1 6
github.com/ArmisSecurity/armis-cli/internal/output/human.go:782.2,782.24 1 7
github.com/ArmisSecurity/armis-cli/internal/output/human.go:782.24,784.28 2 1
github.com/ArmisSecurity/armis-cli/internal/output/human.go:784.28,785.67 1 1
github.com/ArmisSecurity/armis-cli/internal/output/human.go:785.67,787.5 1 0
github.com/ArmisSecurity/armis-cli/internal/output/human.go:787.10,789.5 1 1
github.com/ArmisSecurity/armis-cli/internal/output/human.go:790.4,790.31 1 1
github.com/ArmisSecurity/armis-cli/internal/output/human.go:790.31,792.5 1 0
github.com/ArmisSecurity/armis-cli/internal/output/human.go:794.3,796.51 2 1
github.com/ArmisSecurity/armis-cli/internal/output/human.go:796.51,797.98 1 0
github.com/ArmisSecurity/armis-cli/internal/output/human.go:797.98,801.5 2 0
github.com/ArmisSecurity/armis-cli/internal/output/human.go:805.2,805.79 1 7
github.com/ArmisSecurity/armis-cli/internal/output/human.go:805.79,806.92 1 0
github.com/ArmisSecurity/armis-cli/internal/output/human.go:806.92,809.4 2 0
github.com/ArmisSecurity/armis-cli/internal/output/human.go:812.2,812.31 1 7
github.com/ArmisSecurity/armis-cli/internal/output/human.go:812.31,815.3 2 0
github.com/ArmisSecurity/armis-cli/internal/output/human.go:818.84,819.31 1 2
github.com/ArmisSecurity/armis-cli/internal/output/human.go:819.31,820.12 1 3
github.com/ArmisSecurity/armis-cli/internal/output/human.go:820.12,822.4 1 1
github.com/ArmisSecurity/armis-cli/internal/output/human.go:824.3,828.42 4 3
github.com/ArmisSecurity/armis-cli/internal/output/human.go:828.42,829.13 1 4
github.com/ArmisSecurity/armis-cli/internal/output/human.go:829.13,831.5 1 1
github.com/ArmisSecurity/armis-cli/internal/output/human.go:832.4,833.36 2 4
github.com/ArmisSecurity/armis-cli/internal/output/human.go:836.2,836.22 1 2
github.com/ArmisSecurity/armis-cli/internal/output/human.go:839.77,842.35 2 5
github.com/ArmisSecurity/armis-cli/internal/output/human.go:842.35,844.18 2 16
github.com/ArmisSecurity/armis-cli/internal/output/human.go:845.14,846.29 1 6
github.com/ArmisSecurity/armis-cli/internal/output/human.go:846.29,848.5 1 5
github.com/ArmisSecurity/armis-cli/internal/output/human.go:848.10,850.5 1 1
github.com/ArmisSecurity/armis-cli/internal/output/human.go:851.19,852.34 1 6
github.com/ArmisSecurity/armis-cli/internal/output/human.go:853.15,854.26 1 4
github.com/ArmisSecurity/armis-cli/internal/output/human.go:854.26,856.5 1 3
github.com/ArmisSecurity/armis-cli/internal/output/human.go:856.10,858.5 1 1
github.com/ArmisSecurity/armis-cli/internal/output/human.go:859.11,860.15 1 0
github.com/ArmisSecurity/armis-cli/internal/output/human.go:862.3,862.49 1 16
github.com/ArmisSecurity/armis-cli/internal/output/human.go:865.2,866.38 2 5
github.com/ArmisSecurity/armis-cli/internal/output/human.go:866.38,868.42 2 12
github.com/ArmisSecurity/armis-cli/internal/output/human.go:868.42,870.4 1 3
github.com/ArmisSecurity/armis-cli/internal/output/human.go:870.9,870.35 1 9
github.com/ArmisSecurity/armis-cli/internal/output/human.go:870.35,873.4 2 5
github.com/ArmisSecurity/armis-cli/internal/output/human.go:873.9,873.31 1 4
github.com/ArmisSecurity/armis-cli/internal/output/human.go:873.31,875.4 1 3
github.com/ArmisSecurity/armis-cli/internal/output/human.go:877.3,881.5 1 12
github.com/ArmisSecurity/armis-cli/internal/output/human.go:884.2,884.41 1 5
github.com/ArmisSecurity/armis-cli/internal/output/human.go:884.41,885.28 1 8
github.com/ArmisSecurity/armis-cli/internal/output/human.go:885.28,887.4 1 3
github.com/ArmisSecurity/armis-cli/internal/output/human.go:888.3,888.39 1 5
github.com/ArmisSecurity/armis-cli/internal/output/human.go:891.2,891.15 1 5
github.com/ArmisSecurity/armis-cli/internal/output/human.go:894.43,902.32 2 11
github.com/ArmisSecurity/armis-cli/internal/output/human.go:902.32,904.3 1 11
github.com/ArmisSecurity/armis-cli/internal/output/human.go:905.2,905.12 1 0
github.com/ArmisSecurity/armis-cli/internal/output/human.go:908.38,913.2 4 2
github.com/ArmisSecurity/armis-cli/internal/output/human.go:915.65,916.26 1 0
github.com/ArmisSecurity/armis-cli/internal/output/human.go:916.26,918.3 1 0
github.com/ArmisSecurity/armis-cli/internal/output/human.go:920.2,921.53 2 0
github.com/ArmisSecurity/armis-cli/internal/output/human.go:921.53,923.3 1 0
github.com/ArmisSecurity/armis-cli/internal/output/human.go:925.2,928.16 4 0
github.com/ArmisSecurity/armis-cli/internal/output/human.go:928.16,930.3 1 0
github.com/ArmisSecurity/armis-cli/internal/output/human.go:932.2,932.38 1 0
github.com/ArmisSecurity/armis-cli/internal/output/human.go:935.49,937.21 2 1
github.com/ArmisSecurity/armis-cli/internal/output/human.go:937.21,939.3 1 0
github.com/ArmisSecurity/armis-cli/internal/output/human.go:941.2,944.20 3 1
github.com/ArmisSecurity/armis-cli/internal/output/human.go:944.20,946.3 1 1
github.com/ArmisSecurity/armis-cli/internal/output/human.go:948.2,948.29 1 1
github.com/ArmisSecurity/armis-cli/internal/output/human.go:948.29,949.41 1 12
github.com/ArmisSecurity/armis-cli/internal/output/human.go:949.41,951.4 1 1
github.com/ArmisSecurity/armis-cli/internal/output/human.go:951.9,951.53 1 11
github.com/ArmisSecurity/armis-cli/internal/output/human.go:951.53,954.4 2 1
github.com/ArmisSecurity/armis-cli/internal/output/human.go:954.9,954.53 1 10
github.com/ArmisSecurity/armis-cli/internal/output/human.go:954.53,956.72 2 1
github.com/ArmisSecurity/armis-cli/internal/output/human.go:956.72,958.5 1 1
github.com/ArmisSecurity/armis-cli/internal/output/human.go:958.10,960.5 1 0
github.com/ArmisSecurity/armis-cli/internal/output/human.go:964.2,964.47 1 1
github.com/ArmisSecurity/armis-cli/internal/output/human.go:964.47,966.3 1 0
github.com/ArmisSecurity/armis-cli/internal/output/human.go:968.2,968.13 1 1
github.com/ArmisSecurity/armis-cli/internal/output/human.go:971.37,972.17 1 5
github.com/ArmisSecurity/armis-cli/internal/output/human.go:972.17,974.3 1 1
github.com/ArmisSecurity/armis-cli/internal/output/human.go:976.2,977.21 2 4
github.com/ArmisSecurity/armis-cli/internal/output/human.go:977.21,979.3 1 1
github.com/ArmisSecurity/armis-cli/internal/output/human.go:981.2,984.25 3 3
github.com/ArmisSecurity/armis-cli/internal/output/human.go:984.25,986.3 1 1
github.com/ArmisSecurity/armis-cli/internal/output/human.go:988.2,991.41 3 2
github.com/ArmisSecurity/armis-cli/internal/output/human.go:994.46,996.20 2 7
github.com/ArmisSecurity/armis-cli/internal/output/human.go:996.20,998.3 1 7
github.com/ArmisSecurity/armis-cli/internal/output/human.go:999.2,999.15 1 0
github.com/ArmisSecurity/armis-cli/internal/output/json.go:12.77,16.2 3 3
github.com/ArmisSecurity/armis-cli/internal/output/json.go:18.108,20.2 1 1
github.com/ArmisSecurity/armis-cli/internal/output/junit.go:41.78,58.55 4 2
github.com/ArmisSecurity/armis-cli/internal/output/junit.go:58.55,60.3 1 0
github.com/ArmisSecurity/armis-cli/internal/output/junit.go:62.2,62.31 1 2
github.com/ArmisSecurity/armis-cli/internal/output/junit.go:65.68,68.35 2 3
github.com/ArmisSecurity/armis-cli/internal/output/junit.go:68.35,75.91 2 4
github.com/ArmisSecurity/armis-cli/internal/output/junit.go:75.91,77.18 2 2
github.com/ArmisSecurity/armis-cli/internal/output/junit.go:77.18,79.5 1 0
github.com/ArmisSecurity/armis-cli/internal/output/junit.go:80.4,80.29 1 2
github.com/ArmisSecurity/armis-cli/internal/output/junit.go:80.29,82.5 1 2
github.com/ArmisSecurity/armis-cli/internal/output/junit.go:84.4,88.5 1 2
github.com/ArmisSecurity/armis-cli/internal/output/junit.go:91.3,91.34 1 4
github.com/ArmisSecurity/armis-cli/internal/output/junit.go:94.2,94.14 1 3
github.com/ArmisSecurity/armis-cli/internal/output/junit.go:97.50,99.35 2 6
github.com/ArmisSecurity/armis-cli/internal/output/junit.go:99.35,100.91 1 11
github.com/ArmisSecurity/armis-cli/internal/output/junit.go:100.91,102.4 1 5
github.com/ArmisSecurity/armis-cli/internal/output/junit.go:104.2,104.14 1 6
github.com/ArmisSecurity/armis-cli/internal/output/junit.go:107.109,109.2 1 1
github.com/ArmisSecurity/armis-cli/internal/output/output.go:21.53,22.16 1 6
github.com/ArmisSecurity/armis-cli/internal/output/output.go:23.15,24.32 1 1
github.com/ArmisSecurity/armis-cli/internal/output/output.go:25.14,26.31 1 1
github.com/ArmisSecurity/armis-cli/internal/output/output.go:27.15,28.32 1 1
github.com/ArmisSecurity/armis-cli/internal/output/output.go:29.15,30.32 1 1
github.com/ArmisSecurity/armis-cli/internal/output/output.go:31.10,32.59 1 2
github.com/ArmisSecurity/armis-cli/internal/output/output.go:36.75,38.39 2 8
github.com/ArmisSecurity/armis-cli/internal/output/output.go:38.39,40.3 1 10
github.com/ArmisSecurity/armis-cli/internal/output/output.go:42.2,42.42 1 8
github.com/ArmisSecurity/armis-cli/internal/output/output.go:42.42,43.44 1 10
github.com/ArmisSecurity/armis-cli/internal/output/output.go:43.44,45.4 1 3
github.com/ArmisSecurity/armis-cli/internal/output/output.go:48.2,48.14 1 5
github.com/ArmisSecurity/armis-cli/internal/output/output.go:51.86,52.42 1 0
github.com/ArmisSecurity/armis-cli/internal/output/output.go:52.42,54.3 1 0
github.com/ArmisSecurity/armis-cli/internal/output/sarif.go:62.78,83.2 4 3
github.com/ArmisSecurity/armis-cli/internal/output/sarif.go:85.68,88.35 2 3
github.com/ArmisSecurity/armis-cli/internal/output/sarif.go:88.35,97.25 2 3
github.com/ArmisSecurity/armis-cli/internal/output/sarif.go:97.25,106.29 2 2
github.com/ArmisSecurity/armis-cli/internal/output/sarif.go:106.29,111.5 1 2
github.com/ArmisSecurity/armis-cli/internal/output/sarif.go:113.4,113.48 1 2
github.com/ArmisSecurity/armis-cli/internal/output/sarif.go:116.3,116.36 1 3
github.com/ArmisSecurity/armis-cli/internal/output/sarif.go:119.2,119.16 1 3
github.com/ArmisSecurity/armis-cli/internal/output/sarif.go:122.59,123.18 1 9
github.com/ArmisSecurity/armis-cli/internal/output/sarif.go:124.50,125.17 1 4
github.com/ArmisSecurity/armis-cli/internal/output/sarif.go:126.28,127.19 1 2
github.com/ArmisSecurity/armis-cli/internal/output/sarif.go:128.45,129.16 1 2
github.com/ArmisSecurity/armis-cli/internal/output/sarif.go:130.10,131.16 1 1
github.com/ArmisSecurity/armis-cli/internal/output/sarif.go:135.109,137.2 1 1
github.com/ArmisSecurity/armis-cli/internal/scan/image/image.go:34.165,44.2 1 1
github.com/ArmisSecurity/armis-cli/internal/scan/image/image.go:46.95,48.16 2 0
github.com/ArmisSecurity/armis-cli/internal/scan/image/image.go:48.16,50.3 1 0
github.com/ArmisSecurity/armis-cli/internal/scan/image/image.go:51.2,53.26 2 0
github.com/ArmisSecurity/armis-cli/internal/scan/image/image.go:53.26,55.3 1 0
github.com/ArmisSecurity/armis-cli/internal/scan/image/image.go:57.2,58.16 2 0
github.com/ArmisSecurity/armis-cli/internal/scan/image/image.go:58.16,60.3 1 0
github.com/ArmisSecurity/armis-cli/internal/scan/image/image.go:61.2,64.67 3 0
github.com/ArmisSecurity/armis-cli/internal/scan/image/image.go:64.67,68.3 3 0
github.com/ArmisSecurity/armis-cli/internal/scan/image/image.go:70.2,75.24 4 0
github.com/ArmisSecurity/armis-cli/internal/scan/image/image.go:78.99,80.16 2 0
github.com/ArmisSecurity/armis-cli/internal/scan/image/image.go:80.16,82.3 1 0
github.com/ArmisSecurity/armis-cli/internal/scan/image/image.go:84.2,84.32 1 0
github.com/ArmisSecurity/armis-cli/internal/scan/image/image.go:84.32,86.3 1 0
github.com/ArmisSecurity/armis-cli/internal/scan/image/image.go:88.2,89.16 2 0
github.com/ArmisSecurity/armis-cli/internal/scan/image/image.go:89.16,91.3 1 0
github.com/ArmisSecurity/armis-cli/internal/scan/image/image.go:92.2,100.16 6 0
github.com/ArmisSecurity/armis-cli/internal/scan/image/image.go:100.16,102.3 1 0
github.com/ArmisSecurity/armis-cli/internal/scan/image/image.go:104.2,113.16 7 0
github.com/ArmisSecurity/armis-cli/internal/scan/image/image.go:113.16,115.3 1 0
github.com/ArmisSecurity/armis-cli/internal/scan/image/image.go:117.2,120.16 3 0
github.com/ArmisSecurity/armis-cli/internal/scan/image/image.go:120.16,122.3 1 0
github.com/ArmisSecurity/armis-cli/internal/scan/image/image.go:124.2,125.20 2 0
github.com/ArmisSecurity/armis-cli/internal/scan/image/image.go:128.88,130.57 2 0
github.com/ArmisSecurity/armis-cli/internal/scan/image/image.go:130.57,132.3 1 0
github.com/ArmisSecurity/armis-cli/internal/scan/image/image.go:134.2,135.19 2 0
github.com/ArmisSecurity/armis-cli/internal/scan/image/image.go:136.20,138.84 2 0
github.com/ArmisSecurity/armis-cli/internal/scan/image/image.go:139.20,141.84 2 0
github.com/ArmisSecurity/armis-cli/internal/scan/image/image.go:142.10,143.64 1 0
github.com/ArmisSecurity/armis-cli/internal/scan/image/image.go:146.2,148.38 3 0
github.com/ArmisSecurity/armis-cli/internal/scan/image/image.go:148.38,150.3 1 0
github.com/ArmisSecurity/armis-cli/internal/scan/image/image.go:152.2,154.38 3 0
github.com/ArmisSecurity/armis-cli/internal/scan/image/image.go:154.38,156.3 1 0
github.com/ArmisSecurity/armis-cli/internal/scan/image/image.go:158.2,158.12 1 0
github.com/ArmisSecurity/armis-cli/internal/scan/image/image.go:161.31,163.34 2 1
github.com/ArmisSecurity/armis-cli/internal/scan/image/image.go:163.34,165.3 1 0
github.com/ArmisSecurity/armis-cli/internal/scan/image/image.go:167.2,168.34 2 1
github.com/ArmisSecurity/armis-cli/internal/scan/image/image.go:168.34,170.3 1 0
github.com/ArmisSecurity/armis-cli/internal/scan/image/image.go:172.2,172.14 1 1
github.com/ArmisSecurity/armis-cli/internal/scan/image/image.go:175.32,177.34 2 1
github.com/ArmisSecurity/armis-cli/internal/scan/image/image.go:177.34,179.3 1 0
github.com/ArmisSecurity/armis-cli/internal/scan/image/image.go:181.2,181.21 1 1
github.com/ArmisSecurity/armis-cli/internal/scan/image/image.go:184.46,185.48 1 4
github.com/ArmisSecurity/armis-cli/internal/scan/image/image.go:185.48,187.3 1 2
github.com/ArmisSecurity/armis-cli/internal/scan/image/image.go:188.2,188.12 1 2
github.com/ArmisSecurity/armis-cli/internal/scan/image/image.go:191.141,202.35 3 0
github.com/ArmisSecurity/armis-cli/internal/scan/image/image.go:202.35,205.36 3 0
github.com/ArmisSecurity/armis-cli/internal/scan/image/image.go:205.36,207.4 1 0
github.com/ArmisSecurity/armis-cli/internal/scan/image/image.go:210.2,215.3 1 0
github.com/ArmisSecurity/armis-cli/internal/scan/image/image.go:218.141,222.40 3 0
github.com/ArmisSecurity/armis-cli/internal/scan/image/image.go:222.40,223.25 1 0
github.com/ArmisSecurity/armis-cli/internal/scan/image/image.go:223.25,224.12 1 0
github.com/ArmisSecurity/armis-cli/internal/scan/image/image.go:227.3,227.87 1 0
github.com/ArmisSecurity/armis-cli/internal/scan/image/image.go:227.87,229.12 2 0
github.com/ArmisSecurity/armis-cli/internal/scan/image/image.go:232.3,232.12 1 0
github.com/ArmisSecurity/armis-cli/internal/scan/image/image.go:232.12,235.4 2 0
github.com/ArmisSecurity/armis-cli/internal/scan/image/image.go:237.3,245.32 2 0
github.com/ArmisSecurity/armis-cli/internal/scan/image/image.go:245.32,246.88 1 0
github.com/ArmisSecurity/armis-cli/internal/scan/image/image.go:246.88,248.5 1 0
github.com/ArmisSecurity/armis-cli/internal/scan/image/image.go:248.10,248.55 1 0
github.com/ArmisSecurity/armis-cli/internal/scan/image/image.go:248.55,250.5 1 0
github.com/ArmisSecurity/armis-cli/internal/scan/image/image.go:253.3,255.54 2 0
github.com/ArmisSecurity/armis-cli/internal/scan/image/image.go:255.54,256.77 1 0
github.com/ArmisSecurity/armis-cli/internal/scan/image/image.go:256.77,258.5 1 0
github.com/ArmisSecurity/armis-cli/internal/scan/image/image.go:261.3,262.26 2 0
github.com/ArmisSecurity/armis-cli/internal/scan/image/image.go:262.26,264.4 1 0
github.com/ArmisSecurity/armis-cli/internal/scan/image/image.go:265.3,265.27 1 0
github.com/ArmisSecurity/armis-cli/internal/scan/image/image.go:265.27,267.4 1 0
github.com/ArmisSecurity/armis-cli/internal/scan/image/image.go:268.3,268.25 1 0
github.com/ArmisSecurity/armis-cli/internal/scan/image/image.go:268.25,270.4 1 0
github.com/ArmisSecurity/armis-cli/internal/scan/image/image.go:271.3,271.26 1 0
github.com/ArmisSecurity/armis-cli/internal/scan/image/image.go:271.26,273.4 1 0
github.com/ArmisSecurity/armis-cli/internal/scan/image/image.go:274.3,274.24 1 0
github.com/ArmisSecurity/armis-cli/internal/scan/image/image.go:274.24,276.4 1 0
github.com/ArmisSecurity/armis-cli/internal/scan/image/image.go:278.3,278.36 1 0
github.com/ArmisSecurity/armis-cli/internal/scan/image/image.go:278.36,280.4 1 0
github.com/ArmisSecurity/armis-cli/internal/scan/image/image.go:280.9,280.32 1 0
github.com/ArmisSecurity/armis-cli/internal/scan/image/image.go:280.32,282.4 1 0
github.com/ArmisSecurity/armis-cli/internal/scan/image/image.go:284.3,284.34 1 0
github.com/ArmisSecurity/armis-cli/internal/scan/image/image.go:284.34,286.4 1 0
github.com/ArmisSecurity/armis-cli/internal/scan/image/image.go:288.3,288.71 1 0
github.com/ArmisSecurity/armis-cli/internal/scan/image/image.go:288.71,290.4 1 0
github.com/ArmisSecurity/armis-cli/internal/scan/image/image.go:292.3,292.20 1 0
github.com/ArmisSecurity/armis-cli/internal/scan/image/image.go:292.20,294.4 1 0
github.com/ArmisSecurity/armis-cli/internal/scan/image/image.go:296.3,296.25 1 0
github.com/ArmisSecurity/armis-cli/internal/scan/image/image.go:296.25,298.4 1 0
github.com/ArmisSecurity/armis-cli/internal/scan/image/image.go:300.3,302.39 2 0
github.com/ArmisSecurity/armis-cli/internal/scan/image/image.go:305.2,305.32 1 0
github.com/ArmisSecurity/armis-cli/internal/scan/image/image.go:308.62,312.31 3 8
github.com/ArmisSecurity/armis-cli/internal/scan/image/image.go:312.31,316.52 3 12
github.com/ArmisSecurity/armis-cli/internal/scan/image/image.go:316.52,318.4 1 5
github.com/ArmisSecurity/armis-cli/internal/scan/image/image.go:319.3,319.66 1 12
github.com/ArmisSecurity/armis-cli/internal/scan/image/image.go:319.66,321.4 1 5
github.com/ArmisSecurity/armis-cli/internal/scan/image/image.go:324.2,324.45 1 8
github.com/ArmisSecurity/armis-cli/internal/scan/image/image.go:327.43,331.29 3 7
github.com/ArmisSecurity/armis-cli/internal/scan/image/image.go:331.29,335.44 2 17
github.com/ArmisSecurity/armis-cli/internal/scan/image/image.go:335.44,336.12 1 5
github.com/ArmisSecurity/armis-cli/internal/scan/image/image.go:338.3,338.17 1 12
github.com/ArmisSecurity/armis-cli/internal/scan/image/image.go:338.17,340.4 1 9
github.com/ArmisSecurity/armis-cli/internal/scan/image/image.go:343.2,343.35 1 7
github.com/ArmisSecurity/armis-cli/internal/scan/image/image.go:346.54,357.2 4 8
github.com/ArmisSecurity/armis-cli/internal/scan/image/image.go:359.54,360.39 1 11
github.com/ArmisSecurity/armis-cli/internal/scan/image/image.go:361.18,362.32 1 2
github.com/ArmisSecurity/armis-cli/internal/scan/image/image.go:363.14,364.28 1 2
github.com/ArmisSecurity/armis-cli/internal/scan/image/image.go:365.16,366.30 1 2
github.com/ArmisSecurity/armis-cli/internal/scan/image/image.go:367.13,368.27 1 2
github.com/ArmisSecurity/armis-cli/internal/scan/image/image.go:369.10,370.28 1 3
github.com/ArmisSecurity/armis-cli/internal/scan/image/image.go:374.44,378.17 4 6
github.com/ArmisSecurity/armis-cli/internal/scan/image/image.go:378.17,380.3 1 3
github.com/ArmisSecurity/armis-cli/internal/scan/image/image.go:381.2,381.36 1 3
github.com/ArmisSecurity/armis-cli/internal/scan/image/validate.go:11.52,12.24 1 14
github.com/ArmisSecurity/armis-cli/internal/scan/image/validate.go:12.24,13.49 1 142
github.com/ArmisSecurity/armis-cli/internal/scan/image/validate.go:13.49,15.4 1 5
github.com/ArmisSecurity/armis-cli/internal/scan/image/validate.go:17.2,17.33 1 9
github.com/ArmisSecurity/armis-cli/internal/scan/image/validate.go:17.33,19.3 1 2
github.com/ArmisSecurity/armis-cli/internal/scan/image/validate.go:21.2,22.16 2 7
github.com/ArmisSecurity/armis-cli/internal/scan/image/validate.go:22.16,24.3 1 1
github.com/ArmisSecurity/armis-cli/internal/scan/image/validate.go:26.2,28.43 2 6
github.com/ArmisSecurity/armis-cli/internal/scan/repo/ignore.go:16.66,19.86 2 3
github.com/ArmisSecurity/armis-cli/internal/scan/repo/ignore.go:19.86,20.17 1 7
github.com/ArmisSecurity/armis-cli/internal/scan/repo/ignore.go:20.17,22.4 1 0
github.com/ArmisSecurity/armis-cli/internal/scan/repo/ignore.go:24.3,24.49 1 7
github.com/ArmisSecurity/armis-cli/internal/scan/repo/ignore.go:24.49,26.4 1 0
github.com/ArmisSecurity/armis-cli/internal/scan/repo/ignore.go:28.3,28.53 1 7
github.com/ArmisSecurity/armis-cli/internal/scan/repo/ignore.go:28.53,30.18 2 3
github.com/ArmisSecurity/armis-cli/internal/scan/repo/ignore.go:30.18,32.5 1 0
github.com/ArmisSecurity/armis-cli/internal/scan/repo/ignore.go:33.4,33.50 1 3
github.com/ArmisSecurity/armis-cli/internal/scan/repo/ignore.go:36.3,36.13 1 7
github.com/ArmisSecurity/armis-cli/internal/scan/repo/ignore.go:39.2,39.16 1 3
github.com/ArmisSecurity/armis-cli/internal/scan/repo/ignore.go:39.16,41.3 1 0
github.com/ArmisSecurity/armis-cli/internal/scan/repo/ignore.go:43.2,47.8 2 3
github.com/ArmisSecurity/armis-cli/internal/scan/repo/ignore.go:50.83,52.16 2 3
github.com/ArmisSecurity/armis-cli/internal/scan/repo/ignore.go:52.16,54.3 1 0
github.com/ArmisSecurity/armis-cli/internal/scan/repo/ignore.go:56.2,58.16 3 3
github.com/ArmisSecurity/armis-cli/internal/scan/repo/ignore.go:58.16,60.3 1 0
github.com/ArmisSecurity/armis-cli/internal/scan/repo/ignore.go:62.2,63.19 2 3
github.com/ArmisSecurity/armis-cli/internal/scan/repo/ignore.go:63.19,65.3 1 1
github.com/ArmisSecurity/armis-cli/internal/scan/repo/ignore.go:67.2,70.29 3 3
github.com/ArmisSecurity/armis-cli/internal/scan/repo/ignore.go:70.29,72.49 2 10
github.com/ArmisSecurity/armis-cli/internal/scan/repo/ignore.go:72.49,73.12 1 4
github.com/ArmisSecurity/armis-cli/internal/scan/repo/ignore.go:76.3,77.39 2 6
github.com/ArmisSecurity/armis-cli/internal/scan/repo/ignore.go:80.2,80.22 1 3
github.com/ArmisSecurity/armis-cli/internal/scan/repo/ignore.go:83.61,84.38 1 8
github.com/ArmisSecurity/armis-cli/internal/scan/repo/ignore.go:84.38,86.3 1 1
github.com/ArmisSecurity/armis-cli/internal/scan/repo/ignore.go:88.2,91.40 3 7
github.com/ArmisSecurity/armis-cli/internal/scan/repo/ignore.go:94.38,98.31 2 10
github.com/ArmisSecurity/armis-cli/internal/scan/repo/ignore.go:98.31,99.18 1 27
github.com/ArmisSecurity/armis-cli/internal/scan/repo/ignore.go:99.18,101.4 1 3
github.com/ArmisSecurity/armis-cli/internal/scan/repo/ignore.go:103.2,103.14 1 7
github.com/ArmisSecurity/armis-cli/internal/scan/repo/repo.go:32.165,42.2 1 1
github.com/ArmisSecurity/armis-cli/internal/scan/repo/repo.go:44.85,46.16 2 0
github.com/ArmisSecurity/armis-cli/internal/scan/repo/repo.go:46.16,48.3 1 0
github.com/ArmisSecurity/armis-cli/internal/scan/repo/repo.go:50.2,51.16 2 0
github.com/ArmisSecurity/armis-cli/internal/scan/repo/repo.go:51.16,53.3 1 0
github.com/ArmisSecurity/armis-cli/internal/scan/repo/repo.go:55.2,55.19 1 0
github.com/ArmisSecurity/armis-cli/internal/scan/repo/repo.go:55.19,57.3 1 0
github.com/ArmisSecurity/armis-cli/internal/scan/repo/repo.go:59.2,60.16 2 0
github.com/ArmisSecurity/armis-cli/internal/scan/repo/repo.go:60.16,62.3 1 0
github.com/ArmisSecurity/armis-cli/internal/scan/repo/repo.go:64.2,65.16 2 0
github.com/ArmisSecurity/armis-cli/internal/scan/repo/repo.go:65.16,67.3 1 0
github.com/ArmisSecurity/armis-cli/internal/scan/repo/repo.go:69.2,69.24 1 0
github.com/ArmisSecurity/armis-cli/internal/scan/repo/repo.go:69.24,71.3 1 0
github.com/ArmisSecurity/armis-cli/internal/scan/repo/repo.go:73.2,79.12 5 0
github.com/ArmisSecurity/armis-cli/internal/scan/repo/repo.go:79.12,82.3 2 0
github.com/ArmisSecurity/armis-cli/internal/scan/repo/repo.go:84.2,90.16 5 0
github.com/ArmisSecurity/armis-cli/internal/scan/repo/repo.go:90.16,92.3 1 0
github.com/ArmisSecurity/armis-cli/internal/scan/repo/repo.go:94.2,94.40 1 0
github.com/ArmisSecurity/armis-cli/internal/scan/repo/repo.go:94.40,96.3 1 0
github.com/ArmisSecurity/armis-cli/internal/scan/repo/repo.go:98.2,107.16 7 0
github.com/ArmisSecurity/armis-cli/internal/scan/repo/repo.go:107.16,109.3 1 0
github.com/ArmisSecurity/armis-cli/internal/scan/repo/repo.go:111.2,119.16 6 0
github.com/ArmisSecurity/armis-cli/internal/scan/repo/repo.go:119.16,121.3 1 0
github.com/ArmisSecurity/armis-cli/internal/scan/repo/repo.go:123.2,124.20 2 0
github.com/ArmisSecurity/armis-cli/internal/scan/repo/repo.go:127.107,134.88 5 0
github.com/ArmisSecurity/armis-cli/internal/scan/repo/repo.go:134.88,135.17 1 0
github.com/ArmisSecurity/armis-cli/internal/scan/repo/repo.go:135.17,137.4 1 0
github.com/ArmisSecurity/armis-cli/internal/scan/repo/repo.go:139.3,140.17 2 0
github.com/ArmisSecurity/armis-cli/internal/scan/repo/repo.go:140.17,142.4 1 0
github.com/ArmisSecurity/armis-cli/internal/scan/repo/repo.go:144.3,144.73 1 0
github.com/ArmisSecurity/armis-cli/internal/scan/repo/repo.go:144.73,145.20 1 0
github.com/ArmisSecurity/armis-cli/internal/scan/repo/repo.go:145.20,147.5 1 0
github.com/ArmisSecurity/armis-cli/internal/scan/repo/repo.go:148.4,148.14 1 0
github.com/ArmisSecurity/armis-cli/internal/scan/repo/repo.go:151.3,151.45 1 0
github.com/ArmisSecurity/armis-cli/internal/scan/repo/repo.go:151.45,152.20 1 0
github.com/ArmisSecurity/armis-cli/internal/scan/repo/repo.go:152.20,154.5 1 0
github.com/ArmisSecurity/armis-cli/internal/scan/repo/repo.go:155.4,155.14 1 0
github.com/ArmisSecurity/armis-cli/internal/scan/repo/repo.go:158.3,159.17 2 0
github.com/ArmisSecurity/armis-cli/internal/scan/repo/repo.go:159.17,161.4 1 0
github.com/ArmisSecurity/armis-cli/internal/scan/repo/repo.go:163.3,165.55 2 0
github.com/ArmisSecurity/armis-cli/internal/scan/repo/repo.go:165.55,167.4 1 0
github.com/ArmisSecurity/armis-cli/internal/scan/repo/repo.go:169.3,169.20 1 0
github.com/ArmisSecurity/armis-cli/internal/scan/repo/repo.go:169.20,171.18 2 0
github.com/ArmisSecurity/armis-cli/internal/scan/repo/repo.go:171.18,173.5 1 0
github.com/ArmisSecurity/armis-cli/internal/scan/repo/repo.go:175.4,178.22 3 0
github.com/ArmisSecurity/armis-cli/internal/scan/repo/repo.go:178.22,180.5 1 0
github.com/ArmisSecurity/armis-cli/internal/scan/repo/repo.go:181.4,181.23 1 0
github.com/ArmisSecurity/armis-cli/internal/scan/repo/repo.go:181.23,183.5 1 0
github.com/ArmisSecurity/armis-cli/internal/scan/repo/repo.go:186.3,186.13 1 0
github.com/ArmisSecurity/armis-cli/internal/scan/repo/repo.go:190.100,192.86 2 0
github.com/ArmisSecurity/armis-cli/internal/scan/repo/repo.go:192.86,193.17 1 0
github.com/ArmisSecurity/armis-cli/internal/scan/repo/repo.go:193.17,195.4 1 0
github.com/ArmisSecurity/armis-cli/internal/scan/repo/repo.go:197.3,198.17 2 0
github.com/ArmisSecurity/armis-cli/internal/scan/repo/repo.go:198.17,200.4 1 0
github.com/ArmisSecurity/armis-cli/internal/scan/repo/repo.go:202.3,202.73 1 0
github.com/ArmisSecurity/armis-cli/internal/scan/repo/repo.go:202.73,203.20 1 0
github.com/ArmisSecurity/armis-cli/internal/scan/repo/repo.go:203.20,205.5 1 0
github.com/ArmisSecurity/armis-cli/internal/scan/repo/repo.go:206.4,206.14 1 0
github.com/ArmisSecurity/armis-cli/internal/scan/repo/repo.go:209.3,209.47 1 0
github.com/ArmisSecurity/armis-cli/internal/scan/repo/repo.go:209.47,210.20 1 0
github.com/ArmisSecurity/armis-cli/internal/scan/repo/repo.go:210.20,212.5 1 0
github.com/ArmisSecurity/armis-cli/internal/scan/repo/repo.go:213.4,213.14 1 0
github.com/ArmisSecurity/armis-cli/internal/scan/repo/repo.go:215.3,215.20 1 0
github.com/ArmisSecurity/armis-cli/internal/scan/repo/repo.go:215.20,217.4 1 0
github.com/ArmisSecurity/armis-cli/internal/scan/repo/repo.go:218.3,218.13 1 0
github.com/ArmisSecurity/armis-cli/internal/scan/repo/repo.go:220.2,220.18 1 0
github.com/ArmisSecurity/armis-cli/internal/scan/repo/repo.go:223.72,234.19 3 0
github.com/ArmisSecurity/armis-cli/internal/scan/repo/repo.go:234.19,236.3 1 0
github.com/ArmisSecurity/armis-cli/internal/scan/repo/repo.go:238.2,238.31 1 0
github.com/ArmisSecurity/armis-cli/internal/scan/repo/repo.go:238.31,239.34 1 0
github.com/ArmisSecurity/armis-cli/internal/scan/repo/repo.go:239.34,241.4 1 0
github.com/ArmisSecurity/armis-cli/internal/scan/repo/repo.go:242.3,242.88 1 0
github.com/ArmisSecurity/armis-cli/internal/scan/repo/repo.go:242.88,244.4 1 0
github.com/ArmisSecurity/armis-cli/internal/scan/repo/repo.go:247.2,247.56 1 0
github.com/ArmisSecurity/armis-cli/internal/scan/repo/repo.go:247.56,249.3 1 0
github.com/ArmisSecurity/armis-cli/internal/scan/repo/repo.go:251.2,251.14 1 0
github.com/ArmisSecurity/armis-cli/internal/scan/repo/repo.go:254.35,281.39 2 15
github.com/ArmisSecurity/armis-cli/internal/scan/repo/repo.go:281.39,282.39 1 281
github.com/ArmisSecurity/armis-cli/internal/scan/repo/repo.go:282.39,284.4 1 11
github.com/ArmisSecurity/armis-cli/internal/scan/repo/repo.go:285.3,285.108 1 270
github.com/ArmisSecurity/armis-cli/internal/scan/repo/repo.go:285.108,287.4 1 1
github.com/ArmisSecurity/armis-cli/internal/scan/repo/repo.go:290.2,290.67 1 3
github.com/ArmisSecurity/armis-cli/internal/scan/repo/repo.go:290.67,292.3 1 0
github.com/ArmisSecurity/armis-cli/internal/scan/repo/repo.go:294.2,294.14 1 3
github.com/ArmisSecurity/armis-cli/internal/scan/repo/repo.go:297.141,308.35 3 0
github.com/ArmisSecurity/armis-cli/internal/scan/repo/repo.go:308.35,311.36 3 0
github.com/ArmisSecurity/armis-cli/internal/scan/repo/repo.go:311.36,313.4 1 0
github.com/ArmisSecurity/armis-cli/internal/scan/repo/repo.go:316.2,321.3 1 0
github.com/ArmisSecurity/armis-cli/internal/scan/repo/repo.go:324.141,328.40 3 0
github.com/ArmisSecurity/armis-cli/internal/scan/repo/repo.go:328.40,329.25 1 0
github.com/ArmisSecurity/armis-cli/internal/scan/repo/repo.go:329.25,330.12 1 0
github.com/ArmisSecurity/armis-cli/internal/scan/repo/repo.go:333.3,333.87 1 0
github.com/ArmisSecurity/armis-cli/internal/scan/repo/repo.go:333.87,335.12 2 0
github.com/ArmisSecurity/armis-cli/internal/scan/repo/repo.go:338.3,338.12 1 0
github.com/ArmisSecurity/armis-cli/internal/scan/repo/repo.go:338.12,341.4 2 0
github.com/ArmisSecurity/armis-cli/internal/scan/repo/repo.go:343.3,351.32 2 0
github.com/ArmisSecurity/armis-cli/internal/scan/repo/repo.go:351.32,352.88 1 0
github.com/ArmisSecurity/armis-cli/internal/scan/repo/repo.go:352.88,354.5 1 0
github.com/ArmisSecurity/armis-cli/internal/scan/repo/repo.go:354.10,354.55 1 0
github.com/ArmisSecurity/armis-cli/internal/scan/repo/repo.go:354.55,356.5 1 0
github.com/ArmisSecurity/armis-cli/internal/scan/repo/repo.go:359.3,361.54 2 0
github.com/ArmisSecurity/armis-cli/internal/scan/repo/repo.go:361.54,362.77 1 0
github.com/ArmisSecurity/armis-cli/internal/scan/repo/repo.go:362.77,364.5 1 0
github.com/ArmisSecurity/armis-cli/internal/scan/repo/repo.go:367.3,368.26 2 0
github.com/ArmisSecurity/armis-cli/internal/scan/repo/repo.go:368.26,370.4 1 0
github.com/ArmisSecurity/armis-cli/internal/scan/repo/repo.go:371.3,371.27 1 0
github.com/ArmisSecurity/armis-cli/internal/scan/repo/repo.go:371.27,373.4 1 0
github.com/ArmisSecurity/armis-cli/internal/scan/repo/repo.go:374.3,374.25 1 0
github.com/ArmisSecurity/armis-cli/internal/scan/repo/repo.go:374.25,376.4 1 0
github.com/ArmisSecurity/armis-cli/internal/scan/repo/repo.go:377.3,377.26 1 0
github.com/ArmisSecurity/armis-cli/internal/scan/repo/repo.go:377.26,379.4 1 0
github.com/ArmisSecurity/armis-cli/internal/scan/repo/repo.go:380.3,380.24 1 0
github.com/ArmisSecurity/armis-cli/internal/scan/repo/repo.go:380.24,382.4 1 0
github.com/ArmisSecurity/armis-cli/internal/scan/repo/repo.go:384.3,384.36 1 0
github.com/ArmisSecurity/armis-cli/internal/scan/repo/repo.go:384.36,386.4 1 0
github.com/ArmisSecurity/armis-cli/internal/scan/repo/repo.go:386.9,386.32 1 0
github.com/ArmisSecurity/armis-cli/internal/scan/repo/repo.go:386.32,388.4 1 0
github.com/ArmisSecurity/armis-cli/internal/scan/repo/repo.go:390.3,390.34 1 0
github.com/ArmisSecurity/armis-cli/internal/scan/repo/repo.go:390.34,392.4 1 0
github.com/ArmisSecurity/armis-cli/internal/scan/repo/repo.go:394.3,394.71 1 0
github.com/ArmisSecurity/armis-cli/internal/scan/repo/repo.go:394.71,396.4 1 0
github.com/ArmisSecurity/armis-cli/internal/scan/repo/repo.go:398.3,398.20 1 0
github.com/ArmisSecurity/armis-cli/internal/scan/repo/repo.go:398.20,400.4 1 0
github.com/ArmisSecurity/armis-cli/internal/scan/repo/repo.go:402.3,402.25 1 0
github.com/ArmisSecurity/armis-cli/internal/scan/repo/repo.go:402.25,404.4 1 0
github.com/ArmisSecurity/armis-cli/internal/scan/repo/repo.go:406.3,408.39 2 0
github.com/ArmisSecurity/armis-cli/internal/scan/repo/repo.go:411.2,411.32 1 0
github.com/ArmisSecurity/armis-cli/internal/scan/repo/repo.go:414.62,418.31 3 6
github.com/ArmisSecurity/armis-cli/internal/scan/repo/repo.go:418.31,422.52 3 10
github.com/ArmisSecurity/armis-cli/internal/scan/repo/repo.go:422.52,424.4 1 4
github.com/ArmisSecurity/armis-cli/internal/scan/repo/repo.go:425.3,425.66 1 10
github.com/ArmisSecurity/armis-cli/internal/scan/repo/repo.go:425.66,427.4 1 4
github.com/ArmisSecurity/armis-cli/internal/scan/repo/repo.go:430.2,430.45 1 6
github.com/ArmisSecurity/armis-cli/internal/scan/repo/repo.go:433.43,437.29 3 6
github.com/ArmisSecurity/armis-cli/internal/scan/repo/repo.go:437.29,441.44 2 15
github.com/ArmisSecurity/armis-cli/internal/scan/repo/repo.go:441.44,442.12 1 3
github.com/ArmisSecurity/armis-cli/internal/scan/repo/repo.go:444.3,444.17 1 12
github.com/ArmisSecurity/armis-cli/internal/scan/repo/repo.go:444.17,446.4 1 9
github.com/ArmisSecurity/armis-cli/internal/scan/repo/repo.go:449.2,449.35 1 6
github.com/ArmisSecurity/armis-cli/internal/scan/repo/repo.go:452.54,463.2 4 7
github.com/ArmisSecurity/armis-cli/internal/scan/repo/repo.go:465.54,466.39 1 11
github.com/ArmisSecurity/armis-cli/internal/scan/repo/repo.go:467.18,468.32 1 2
github.com/ArmisSecurity/armis-cli/internal/scan/repo/repo.go:469.14,470.28 1 2
github.com/ArmisSecurity/armis-cli/internal/scan/repo/repo.go:471.16,472.30 1 2
github.com/ArmisSecurity/armis-cli/internal/scan/repo/repo.go:473.13,474.27 1 2
github.com/ArmisSecurity/armis-cli/internal/scan/repo/repo.go:475.10,476.28 1 3
github.com/ArmisSecurity/armis-cli/internal/scan/repo/repo.go:480.44,484.17 4 0
github.com/ArmisSecurity/armis-cli/internal/scan/repo/repo.go:484.17,486.3 1 0
github.com/ArmisSecurity/armis-cli/internal/scan/repo/repo.go:487.2,487.36 1 0
