mode: atomic
github.com/ArmisSecurity/armis-cli/internal/output/human.go:39.54,41.24 2 24
github.com/ArmisSecurity/armis-cli/internal/output/human.go:41.24,42.29 1 25
github.com/ArmisSecurity/armis-cli/internal/output/human.go:42.29,44.39 2 25
github.com/ArmisSecurity/armis-cli/internal/output/human.go:44.39,46.26 1 0
github.com/ArmisSecurity/armis-cli/internal/output/human.go:47.25,48.41 2 25
github.com/ArmisSecurity/armis-cli/internal/output/human.go:51.17,52.30 2 25
github.com/ArmisSecurity/armis-cli/internal/output/human.go:52.30,56.18 3 2
github.com/ArmisSecurity/armis-cli/internal/output/human.go:58.17,60.31 3 23
github.com/ArmisSecurity/armis-cli/internal/output/human.go:60.31,62.18 1 0
github.com/ArmisSecurity/armis-cli/internal/output/human.go:63.17,64.30 2 23
github.com/ArmisSecurity/armis-cli/internal/output/human.go:66.9,66.28 1 22
github.com/ArmisSecurity/armis-cli/internal/output/human.go:69.78,71.2 1 2
github.com/ArmisSecurity/armis-cli/internal/output/human.go:73.109,86.37 11 5
github.com/ArmisSecurity/armis-cli/internal/output/human.go:86.37,92.65 5 4
github.com/ArmisSecurity/armis-cli/internal/output/human.go:92.65,95.18 2 2
github.com/ArmisSecurity/armis-cli/internal/output/human.go:95.23,98.18 2 2
github.com/ArmisSecurity/armis-cli/internal/output/human.go:101.9,104.19 3 5
github.com/ArmisSecurity/armis-cli/internal/output/human.go:107.54,108.25 1 19
github.com/ArmisSecurity/armis-cli/internal/output/human.go:109.37,110.30 1 2
github.com/ArmisSecurity/armis-cli/internal/output/human.go:111.33,112.30 1 8
github.com/ArmisSecurity/armis-cli/internal/output/human.go:113.35,114.30 1 6
github.com/ArmisSecurity/armis-cli/internal/output/human.go:115.32,116.30 1 1
github.com/ArmisSecurity/armis-cli/internal/output/human.go:117.33,118.29 1 1
github.com/ArmisSecurity/armis-cli/internal/output/human.go:119.17,120.29 1 1
github.com/ArmisSecurity/armis-cli/internal/output/human.go:124.55,125.25 1 13
github.com/ArmisSecurity/armis-cli/internal/output/human.go:126.37,127.32 1 1
github.com/ArmisSecurity/armis-cli/internal/output/human.go:128.33,129.35 1 5
github.com/ArmisSecurity/armis-cli/internal/output/human.go:130.35,131.35 1 4
github.com/ArmisSecurity/armis-cli/internal/output/human.go:132.32,133.33 1 1
github.com/ArmisSecurity/armis-cli/internal/output/human.go:134.33,135.33 1 1
github.com/ArmisSecurity/armis-cli/internal/output/human.go:136.17,137.26 1 1
github.com/ArmisSecurity/armis-cli/internal/output/human.go:153.13,154.92 1 1
github.com/ArmisSecurity/armis-cli/internal/output/human.go:154.92,156.10 1 0
github.com/ArmisSecurity/armis-cli/internal/output/human.go:159.23,160.2 0 1
github.com/ArmisSecurity/armis-cli/internal/output/human.go:162.71,174.48 4 15
github.com/ArmisSecurity/armis-cli/internal/output/human.go:174.48,178.25 3 11
github.com/ArmisSecurity/armis-cli/internal/output/human.go:178.25,180.18 1 1
github.com/ArmisSecurity/armis-cli/internal/output/human.go:181.17,181.25 1 11
github.com/ArmisSecurity/armis-cli/internal/output/human.go:181.25,183.18 1 1
github.com/ArmisSecurity/armis-cli/internal/output/human.go:185.17,185.37 1 11
github.com/ArmisSecurity/armis-cli/internal/output/human.go:188.9,188.22 1 15
github.com/ArmisSecurity/armis-cli/internal/output/human.go:191.112,192.31 1 5
github.com/ArmisSecurity/armis-cli/internal/output/human.go:192.31,194.10 1 0
github.com/ArmisSecurity/armis-cli/internal/output/human.go:196.9,197.41 2 5
github.com/ArmisSecurity/armis-cli/internal/output/human.go:197.41,199.10 1 1
github.com/ArmisSecurity/armis-cli/internal/output/human.go:199.15,199.34 1 4
github.com/ArmisSecurity/armis-cli/internal/output/human.go:199.34,201.10 1 4
github.com/ArmisSecurity/armis-cli/internal/output/human.go:201.15,203.10 1 0
github.com/ArmisSecurity/armis-cli/internal/output/human.go:205.9,206.23 2 5
github.com/ArmisSecurity/armis-cli/internal/output/human.go:206.23,208.10 1 1
github.com/ArmisSecurity/armis-cli/internal/output/human.go:209.9,212.23 3 4
github.com/ArmisSecurity/armis-cli/internal/output/human.go:212.23,214.10 1 4
github.com/ArmisSecurity/armis-cli/internal/output/human.go:215.9,215.23 1 4
github.com/ArmisSecurity/armis-cli/internal/output/human.go:215.23,217.10 1 0
github.com/ArmisSecurity/armis-cli/internal/output/human.go:219.9,220.24 2 4
github.com/ArmisSecurity/armis-cli/internal/output/human.go:220.24,222.10 1 1
github.com/ArmisSecurity/armis-cli/internal/output/human.go:224.9,225.29 2 4
github.com/ArmisSecurity/armis-cli/internal/output/human.go:225.29,227.10 1 1
github.com/ArmisSecurity/armis-cli/internal/output/human.go:229.9,234.28 5 4
github.com/ArmisSecurity/armis-cli/internal/output/human.go:234.28,236.43 2 53
github.com/ArmisSecurity/armis-cli/internal/output/human.go:236.43,237.33 1 15
github.com/ArmisSecurity/armis-cli/internal/output/human.go:239.17,239.41 1 38
github.com/ArmisSecurity/armis-cli/internal/output/human.go:239.41,240.30 1 3
github.com/ArmisSecurity/armis-cli/internal/output/human.go:242.17,242.50 1 35
github.com/ArmisSecurity/armis-cli/internal/output/human.go:244.9,244.45 1 4
github.com/ArmisSecurity/armis-cli/internal/output/human.go:244.45,246.10 1 0
github.com/ArmisSecurity/armis-cli/internal/output/human.go:247.9,247.26 1 4
github.com/ArmisSecurity/armis-cli/internal/output/human.go:247.26,249.10 1 0
github.com/ArmisSecurity/armis-cli/internal/output/human.go:251.9,251.58 1 4
github.com/ArmisSecurity/armis-cli/internal/output/human.go:254.54,262.41 6 0
github.com/ArmisSecurity/armis-cli/internal/output/human.go:262.41,264.10 1 0
github.com/ArmisSecurity/armis-cli/internal/output/human.go:266.9,266.36 1 0
github.com/ArmisSecurity/armis-cli/internal/output/human.go:266.36,270.65 3 0
github.com/ArmisSecurity/armis-cli/internal/output/human.go:270.65,271.93 1 0
github.com/ArmisSecurity/armis-cli/internal/output/human.go:271.93,272.85 1 0
github.com/ArmisSecurity/armis-cli/internal/output/human.go:272.85,275.34 2 0
github.com/ArmisSecurity/armis-cli/internal/output/human.go:275.39,277.34 1 0
github.com/ArmisSecurity/armis-cli/internal/output/human.go:278.31,280.26 1 0
github.com/ArmisSecurity/armis-cli/internal/output/human.go:281.23,283.18 1 0
github.com/ArmisSecurity/armis-cli/internal/output/human.go:286.9,288.45 2 0
github.com/ArmisSecurity/armis-cli/internal/output/human.go:291.98,292.63 1 0
github.com/ArmisSecurity/armis-cli/internal/output/human.go:292.63,293.41 1 0
github.com/ArmisSecurity/armis-cli/internal/output/human.go:293.41,295.18 1 0
github.com/ArmisSecurity/armis-cli/internal/output/human.go:296.17,297.39 2 0
github.com/ArmisSecurity/armis-cli/internal/output/human.go:297.39,299.18 1 0
github.com/ArmisSecurity/armis-cli/internal/output/human.go:300.17,302.39 3 0
github.com/ArmisSecurity/armis-cli/internal/output/human.go:302.39,304.18 1 0
github.com/ArmisSecurity/armis-cli/internal/output/human.go:305.17,305.90 1 0
github.com/ArmisSecurity/armis-cli/internal/output/human.go:306.15,306.44 1 0
github.com/ArmisSecurity/armis-cli/internal/output/human.go:306.44,307.41 1 0
github.com/ArmisSecurity/armis-cli/internal/output/human.go:307.41,309.18 1 0
github.com/ArmisSecurity/armis-cli/internal/output/human.go:310.17,312.82 3 0
github.com/ArmisSecurity/armis-cli/internal/output/human.go:313.15,313.42 1 0
github.com/ArmisSecurity/armis-cli/internal/output/human.go:313.42,314.39 1 0
github.com/ArmisSecurity/armis-cli/internal/output/human.go:314.39,316.18 1 0
github.com/ArmisSecurity/armis-cli/internal/output/human.go:317.17,319.39 3 0
github.com/ArmisSecurity/armis-cli/internal/output/human.go:319.39,321.18 1 0
github.com/ArmisSecurity/armis-cli/internal/output/human.go:322.17,322.81 1 0
github.com/ArmisSecurity/armis-cli/internal/output/human.go:323.15,325.10 1 0
github.com/ArmisSecurity/armis-cli/internal/output/human.go:328.45,329.27 1 10
github.com/ArmisSecurity/armis-cli/internal/output/human.go:329.27,331.10 1 0
github.com/ArmisSecurity/armis-cli/internal/output/human.go:333.9,619.41 3 10
github.com/ArmisSecurity/armis-cli/internal/output/human.go:619.41,621.10 1 8
github.com/ArmisSecurity/armis-cli/internal/output/human.go:623.9,623.18 1 2
github.com/ArmisSecurity/armis-cli/internal/output/human.go:626.52,627.59 1 7
github.com/ArmisSecurity/armis-cli/internal/output/human.go:627.59,629.10 1 6
github.com/ArmisSecurity/armis-cli/internal/output/human.go:631.9,632.23 2 1
github.com/ArmisSecurity/armis-cli/internal/output/human.go:632.23,634.10 1 1
github.com/ArmisSecurity/armis-cli/internal/output/human.go:635.9,636.23 2 0
github.com/ArmisSecurity/armis-cli/internal/output/human.go:636.23,638.10 1 0
github.com/ArmisSecurity/armis-cli/internal/output/human.go:640.9,640.30 1 0
github.com/ArmisSecurity/armis-cli/internal/output/human.go:640.30,642.10 1 0
github.com/ArmisSecurity/armis-cli/internal/output/human.go:644.9,650.18 5 0
github.com/ArmisSecurity/armis-cli/internal/output/human.go:650.18,652.10 1 0
github.com/ArmisSecurity/armis-cli/internal/output/human.go:652.15,652.25 1 0
github.com/ArmisSecurity/armis-cli/internal/output/human.go:652.25,654.10 1 0
github.com/ArmisSecurity/armis-cli/internal/output/human.go:655.9,655.37 1 0
github.com/ArmisSecurity/armis-cli/internal/output/human.go:658.68,673.61 10 5
github.com/ArmisSecurity/armis-cli/internal/output/human.go:673.61,677.10 3 0
github.com/ArmisSecurity/armis-cli/internal/output/human.go:679.9,679.54 1 5
github.com/ArmisSecurity/armis-cli/internal/output/human.go:679.54,683.10 3 0
github.com/ArmisSecurity/armis-cli/internal/output/human.go:685.9,694.40 3 5
github.com/ArmisSecurity/armis-cli/internal/output/human.go:694.40,695.55 1 22
github.com/ArmisSecurity/armis-cli/internal/output/human.go:695.55,697.30 2 1
github.com/ArmisSecurity/armis-cli/internal/output/human.go:701.9,701.24 1 5
github.com/ArmisSecurity/armis-cli/internal/output/human.go:701.24,703.10 1 1
github.com/ArmisSecurity/armis-cli/internal/output/human.go:705.9,705.40 1 5
github.com/ArmisSecurity/armis-cli/internal/output/human.go:705.40,707.30 2 25
github.com/ArmisSecurity/armis-cli/internal/output/human.go:707.30,712.18 4 1
github.com/ArmisSecurity/armis-cli/internal/output/human.go:715.9,715.47 1 5
github.com/ArmisSecurity/armis-cli/internal/output/human.go:715.47,724.67 4 0
github.com/ArmisSecurity/armis-cli/internal/output/human.go:724.67,726.18 1 0
github.com/ArmisSecurity/armis-cli/internal/output/human.go:728.17,728.60 1 0
github.com/ArmisSecurity/armis-cli/internal/output/human.go:728.60,729.71 1 0
github.com/ArmisSecurity/armis-cli/internal/output/human.go:729.71,731.26 1 0
github.com/ArmisSecurity/armis-cli/internal/output/human.go:732.25,732.79 1 0
github.com/ArmisSecurity/armis-cli/internal/output/human.go:735.17,735.47 1 0
github.com/ArmisSecurity/armis-cli/internal/output/human.go:735.47,739.18 3 0
github.com/ArmisSecurity/armis-cli/internal/output/human.go:742.9,742.69 1 5
github.com/ArmisSecurity/armis-cli/internal/output/human.go:745.80,746.42 1 2
github.com/ArmisSecurity/armis-cli/internal/output/human.go:746.42,747.26 1 3
github.com/ArmisSecurity/armis-cli/internal/output/human.go:747.26,749.18 1 1
github.com/ArmisSecurity/armis-cli/internal/output/human.go:751.17,753.40 2 3
github.com/ArmisSecurity/armis-cli/internal/output/human.go:753.40,755.18 1 1
github.com/ArmisSecurity/armis-cli/internal/output/human.go:757.9,757.29 1 2
github.com/ArmisSecurity/armis-cli/internal/output/human.go:760.76,769.42 7 7
github.com/ArmisSecurity/armis-cli/internal/output/human.go:769.42,771.10 1 0
github.com/ArmisSecurity/armis-cli/internal/output/human.go:773.9,773.34 1 7
github.com/ArmisSecurity/armis-cli/internal/output/human.go:773.34,775.10 1 0
github.com/ArmisSecurity/armis-cli/internal/output/human.go:777.9,777.34 1 7
github.com/ArmisSecurity/armis-cli/internal/output/human.go:777.34,779.10 1 6
github.com/ArmisSecurity/armis-cli/internal/output/human.go:781.9,781.31 1 7
github.com/ArmisSecurity/armis-cli/internal/output/human.go:781.31,783.42 2 1
github.com/ArmisSecurity/armis-cli/internal/output/human.go:783.42,784.88 1 1
github.com/ArmisSecurity/armis-cli/internal/output/human.go:784.88,786.26 1 0
github.com/ArmisSecurity/armis-cli/internal/output/human.go:786.31,788.26 1 1
github.com/ArmisSecurity/armis-cli/internal/output/human.go:789.25,789.52 1 1
github.com/ArmisSecurity/armis-cli/internal/output/human.go:789.52,791.26 1 0
github.com/ArmisSecurity/armis-cli/internal/output/human.go:793.17,795.65 2 1
github.com/ArmisSecurity/armis-cli/internal/output/human.go:795.65,796.119 1 0
github.com/ArmisSecurity/armis-cli/internal/output/human.go:796.119,800.26 2 0
github.com/ArmisSecurity/armis-cli/internal/output/human.go:804.9,804.86 1 7
github.com/ArmisSecurity/armis-cli/internal/output/human.go:804.86,805.106 1 0
github.com/ArmisSecurity/armis-cli/internal/output/human.go:805.106,808.18 2 0
github.com/ArmisSecurity/armis-cli/internal/output/human.go:811.9,811.38 1 7
github.com/ArmisSecurity/armis-cli/internal/output/human.go:811.38,814.10 2 0
github.com/ArmisSecurity/armis-cli/internal/output/human.go:817.84,818.38 1 2
github.com/ArmisSecurity/armis-cli/internal/output/human.go:818.38,819.26 1 3
github.com/ArmisSecurity/armis-cli/internal/output/human.go:819.26,821.18 1 1
github.com/ArmisSecurity/armis-cli/internal/output/human.go:823.17,827.56 4 3
github.com/ArmisSecurity/armis-cli/internal/output/human.go:827.56,828.34 1 4
github.com/ArmisSecurity/armis-cli/internal/output/human.go:828.34,830.26 1 1
github.com/ArmisSecurity/armis-cli/internal/output/human.go:831.25,832.57 2 4
github.com/ArmisSecurity/armis-cli/internal/output/human.go:835.9,835.29 1 2
github.com/ArmisSecurity/armis-cli/internal/output/human.go:838.77,841.42 2 5
github.com/ArmisSecurity/armis-cli/internal/output/human.go:841.42,843.32 2 16
github.com/ArmisSecurity/armis-cli/internal/output/human.go:844.28,845.50 1 6
github.com/ArmisSecurity/armis-cli/internal/output/human.go:845.50,847.26 1 5
github.com/ArmisSecurity/armis-cli/internal/output/human.go:847.31,849.26 1 1
github.com/ArmisSecurity/armis-cli/internal/output/human.go:850.33,851.55 1 6
github.com/ArmisSecurity/armis-cli/internal/output/human.go:852.29,853.47 1 4
github.com/ArmisSecurity/armis-cli/internal/output/human.go:853.47,855.26 1 3
github.com/ArmisSecurity/armis-cli/internal/output/human.go:855.31,857.26 1 1
github.com/ArmisSecurity/armis-cli/internal/output/human.go:858.25,859.36 1 0
github.com/ArmisSecurity/armis-cli/internal/output/human.go:861.17,861.63 1 16
github.com/ArmisSecurity/armis-cli/internal/output/human.go:864.9,865.45 2 5
github.com/ArmisSecurity/armis-cli/internal/output/human.go:865.45,867.56 2 12
github.com/ArmisSecurity/armis-cli/internal/output/human.go:867.56,869.18 1 3
github.com/ArmisSecurity/armis-cli/internal/output/human.go:869.23,869.49 1 9
github.com/ArmisSecurity/armis-cli/internal/output/human.go:869.49,872.18 2 5
github.com/ArmisSecurity/armis-cli/internal/output/human.go:872.23,872.45 1 4
github.com/ArmisSecurity/armis-cli/internal/output/human.go:872.45,874.18 1 3
github.com/ArmisSecurity/armis-cli/internal/output/human.go:876.17,880.19 1 12
github.com/ArmisSecurity/armis-cli/internal/output/human.go:883.9,883.48 1 5
github.com/ArmisSecurity/armis-cli/internal/output/human.go:883.48,884.42 1 7
github.com/ArmisSecurity/armis-cli/internal/output/human.go:884.42,886.18 1 3
github.com/ArmisSecurity/armis-cli/internal/output/human.go:887.17,887.53 1 4
github.com/ArmisSecurity/armis-cli/internal/output/human.go:890.9,890.22 1 5
github.com/ArmisSecurity/armis-cli/internal/output/human.go:893.43,901.39 2 11
github.com/ArmisSecurity/armis-cli/internal/output/human.go:901.39,903.10 1 11
github.com/ArmisSecurity/armis-cli/internal/output/human.go:904.9,904.19 1 0
github.com/ArmisSecurity/armis-cli/internal/output/human.go:907.38,912.2 4 2
github.com/ArmisSecurity/armis-cli/internal/output/human.go:914.65,915.33 1 0
github.com/ArmisSecurity/armis-cli/internal/output/human.go:915.33,917.10 1 0
github.com/ArmisSecurity/armis-cli/internal/output/human.go:919.9,920.60 2 0
github.com/ArmisSecurity/armis-cli/internal/output/human.go:920.60,922.10 1 0
github.com/ArmisSecurity/armis-cli/internal/output/human.go:924.9,927.23 4 0
github.com/ArmisSecurity/armis-cli/internal/output/human.go:927.23,929.10 1 0
github.com/ArmisSecurity/armis-cli/internal/output/human.go:931.9,931.45 1 0
github.com/ArmisSecurity/armis-cli/internal/output/human.go:934.49,936.28 2 1
github.com/ArmisSecurity/armis-cli/internal/output/human.go:936.28,938.10 1 0
github.com/ArmisSecurity/armis-cli/internal/output/human.go:940.9,943.27 3 1
github.com/ArmisSecurity/armis-cli/internal/output/human.go:943.27,945.10 1 1
github.com/ArmisSecurity/armis-cli/internal/output/human.go:947.9,947.36 1 1
github.com/ArmisSecurity/armis-cli/internal/output/human.go:947.36,948.55 1 12
github.com/ArmisSecurity/armis-cli/internal/output/human.go:948.55,950.18 1 1
github.com/ArmisSecurity/armis-cli/internal/output/human.go:950.23,950.67 1 11
github.com/ArmisSecurity/armis-cli/internal/output/human.go:950.67,953.18 2 1
github.com/ArmisSecurity/armis-cli/internal/output/human.go:953.23,953.67 1 10
github.com/ArmisSecurity/armis-cli/internal/output/human.go:953.67,955.87 2 1
github.com/ArmisSecurity/armis-cli/internal/output/human.go:955.87,957.26 1 0
github.com/ArmisSecurity/armis-cli/internal/output/human.go:957.31,959.26 1 1
github.com/ArmisSecurity/armis-cli/internal/output/human.go:963.9,963.54 1 1
github.com/ArmisSecurity/armis-cli/internal/output/human.go:963.54,965.10 1 0
github.com/ArmisSecurity/armis-cli/internal/output/human.go:967.9,967.20 1 1
github.com/ArmisSecurity/armis-cli/internal/output/human.go:970.37,971.24 1 5
github.com/ArmisSecurity/armis-cli/internal/output/human.go:971.24,973.10 1 1
github.com/ArmisSecurity/armis-cli/internal/output/human.go:975.9,976.28 2 4
github.com/ArmisSecurity/armis-cli/internal/output/human.go:976.28,978.10 1 1
github.com/ArmisSecurity/armis-cli/internal/output/human.go:980.9,983.32 3 3
github.com/ArmisSecurity/armis-cli/internal/output/human.go:983.32,985.10 1 1
github.com/ArmisSecurity/armis-cli/internal/output/human.go:987.9,990.48 3 2
github.com/ArmisSecurity/armis-cli/internal/output/human.go:993.46,995.27 2 7
github.com/ArmisSecurity/armis-cli/internal/output/human.go:995.27,997.10 1 7
github.com/ArmisSecurity/armis-cli/internal/output/human.go:998.9,998.22 1 0
github.com/ArmisSecurity/armis-cli/internal/output/json.go:12.77,16.2 3 3
github.com/ArmisSecurity/armis-cli/internal/output/json.go:18.108,20.2 1 1
github.com/ArmisSecurity/armis-cli/internal/output/junit.go:41.78,58.62 4 2
github.com/ArmisSecurity/armis-cli/internal/output/junit.go:58.62,60.10 1 0
github.com/ArmisSecurity/armis-cli/internal/output/junit.go:62.9,62.38 1 2
github.com/ArmisSecurity/armis-cli/internal/output/junit.go:65.68,68.42 2 3
github.com/ArmisSecurity/armis-cli/internal/output/junit.go:68.42,75.105 2 4
github.com/ArmisSecurity/armis-cli/internal/output/junit.go:75.105,77.39 2 2
github.com/ArmisSecurity/armis-cli/internal/output/junit.go:77.39,79.26 1 0
github.com/ArmisSecurity/armis-cli/internal/output/junit.go:80.25,80.50 1 2
github.com/ArmisSecurity/armis-cli/internal/output/junit.go:80.50,82.26 1 2
github.com/ArmisSecurity/armis-cli/internal/output/junit.go:84.25,88.26 1 2
github.com/ArmisSecurity/armis-cli/internal/output/junit.go:91.17,91.48 1 4
github.com/ArmisSecurity/armis-cli/internal/output/junit.go:94.9,94.21 1 3
github.com/ArmisSecurity/armis-cli/internal/output/junit.go:97.50,99.42 2 6
github.com/ArmisSecurity/armis-cli/internal/output/junit.go:99.42,100.105 1 11
github.com/ArmisSecurity/armis-cli/internal/output/junit.go:100.105,102.18 1 5
github.com/ArmisSecurity/armis-cli/internal/output/junit.go:104.9,104.21 1 6
github.com/ArmisSecurity/armis-cli/internal/output/junit.go:107.109,109.2 1 1
github.com/ArmisSecurity/armis-cli/internal/output/output.go:21.53,22.23 1 6
github.com/ArmisSecurity/armis-cli/internal/output/output.go:23.22,24.46 1 1
github.com/ArmisSecurity/armis-cli/internal/output/output.go:25.21,26.45 1 1
github.com/ArmisSecurity/armis-cli/internal/output/output.go:27.22,28.46 1 1
github.com/ArmisSecurity/armis-cli/internal/output/output.go:29.22,30.46 1 1
github.com/ArmisSecurity/armis-cli/internal/output/output.go:31.17,32.73 1 2
github.com/ArmisSecurity/armis-cli/internal/output/output.go:36.75,38.46 2 8
github.com/ArmisSecurity/armis-cli/internal/output/output.go:38.46,40.10 1 10
github.com/ArmisSecurity/armis-cli/internal/output/output.go:42.9,42.49 1 8
github.com/ArmisSecurity/armis-cli/internal/output/output.go:42.49,43.58 1 10
github.com/ArmisSecurity/armis-cli/internal/output/output.go:43.58,45.18 1 3
github.com/ArmisSecurity/armis-cli/internal/output/output.go:48.9,48.21 1 5
github.com/ArmisSecurity/armis-cli/internal/output/output.go:51.86,52.49 1 0
github.com/ArmisSecurity/armis-cli/internal/output/output.go:52.49,54.10 1 0
github.com/ArmisSecurity/armis-cli/internal/output/sarif.go:62.78,83.2 4 3
github.com/ArmisSecurity/armis-cli/internal/output/sarif.go:85.68,88.42 2 3
github.com/ArmisSecurity/armis-cli/internal/output/sarif.go:88.42,97.39 2 3
github.com/ArmisSecurity/armis-cli/internal/output/sarif.go:97.39,106.50 2 2
github.com/ArmisSecurity/armis-cli/internal/output/sarif.go:106.50,111.26 1 2
github.com/ArmisSecurity/armis-cli/internal/output/sarif.go:113.25,113.69 1 2
github.com/ArmisSecurity/armis-cli/internal/output/sarif.go:116.17,116.50 1 3
github.com/ArmisSecurity/armis-cli/internal/output/sarif.go:119.9,119.23 1 3
github.com/ArmisSecurity/armis-cli/internal/output/sarif.go:122.59,123.25 1 9
github.com/ArmisSecurity/armis-cli/internal/output/sarif.go:124.57,125.31 1 4
github.com/ArmisSecurity/armis-cli/internal/output/sarif.go:126.35,127.33 1 2
github.com/ArmisSecurity/armis-cli/internal/output/sarif.go:128.52,129.30 1 2
github.com/ArmisSecurity/armis-cli/internal/output/sarif.go:130.17,131.30 1 1
github.com/ArmisSecurity/armis-cli/internal/output/sarif.go:135.109,137.2 1 1
